c:\users\rxcam\documents\ghub\scicompanionx\prof-uis.2.92\bin_1000\staticmbcsdebug\profuislib\profuislib_1000.pch
c:\users\rxcam\documents\ghub\scicompanionx\prof-uis.2.92\bin_1000\staticmbcsdebug\profuislib\profuislib.pdb
c:\users\rxcam\documents\ghub\scicompanionx\prof-uis.2.92\bin_1000\staticmbcsdebug\profuislib\profuislib.idb
c:\users\rxcam\documents\ghub\scicompanionx\prof-uis.2.92\bin_1000\staticmbcsdebug\profuislib\stdafx.obj
c:\users\rxcam\documents\ghub\scicompanionx\prof-uis.2.92\bin_1000\staticmbcsdebug\profuislib\exthook.obj
c:\users\rxcam\documents\ghub\scicompanionx\prof-uis.2.92\bin_1000\staticmbcsdebug\profuislib\extlabel.obj
c:\users\rxcam\documents\ghub\scicompanionx\prof-uis.2.92\bin_1000\staticmbcsdebug\profuislib\extmdiwindowslistdlg.obj
c:\users\rxcam\documents\ghub\scicompanionx\prof-uis.2.92\bin_1000\staticmbcsdebug\profuislib\extmenucontrolbar.obj
c:\users\rxcam\documents\ghub\scicompanionx\prof-uis.2.92\bin_1000\staticmbcsdebug\profuislib\extminidockframewnd.obj
c:\users\rxcam\documents\ghub\scicompanionx\prof-uis.2.92\bin_1000\staticmbcsdebug\profuislib\extmousecapturesink.obj
c:\users\rxcam\documents\ghub\scicompanionx\prof-uis.2.92\bin_1000\staticmbcsdebug\profuislib\extncframe.obj
c:\users\rxcam\documents\ghub\scicompanionx\prof-uis.2.92\bin_1000\staticmbcsdebug\profuislib\extpaintmanager.obj
c:\users\rxcam\documents\ghub\scicompanionx\prof-uis.2.92\bin_1000\staticmbcsdebug\profuislib\extpaintmanager2.obj
c:\users\rxcam\documents\ghub\scicompanionx\prof-uis.2.92\bin_1000\staticmbcsdebug\profuislib\extpopupmenuwnd.obj
c:\users\rxcam\documents\ghub\scicompanionx\prof-uis.2.92\bin_1000\staticmbcsdebug\profuislib\extprofuisaboutdialog.obj
c:\users\rxcam\documents\ghub\scicompanionx\prof-uis.2.92\bin_1000\staticmbcsdebug\profuislib\extprogresswnd.obj
c:\users\rxcam\documents\ghub\scicompanionx\prof-uis.2.92\bin_1000\staticmbcsdebug\profuislib\extresizabledialog.obj
c:\users\rxcam\documents\ghub\scicompanionx\prof-uis.2.92\bin_1000\staticmbcsdebug\profuislib\extrichcontent.obj
c:\users\rxcam\documents\ghub\scicompanionx\prof-uis.2.92\bin_1000\staticmbcsdebug\profuislib\extscrollwnd.obj
c:\users\rxcam\documents\ghub\scicompanionx\prof-uis.2.92\bin_1000\staticmbcsdebug\profuislib\extsliderwnd.obj
c:\users\rxcam\documents\ghub\scicompanionx\prof-uis.2.92\bin_1000\staticmbcsdebug\profuislib\extspinwnd.obj
c:\users\rxcam\documents\ghub\scicompanionx\prof-uis.2.92\bin_1000\staticmbcsdebug\profuislib\extsplitterwnd.obj
c:\users\rxcam\documents\ghub\scicompanionx\prof-uis.2.92\bin_1000\staticmbcsdebug\profuislib\extstatuscontrolbar.obj
c:\users\rxcam\documents\ghub\scicompanionx\prof-uis.2.92\bin_1000\staticmbcsdebug\profuislib\exttoolcontrolbar.obj
c:\users\rxcam\documents\ghub\scicompanionx\prof-uis.2.92\bin_1000\staticmbcsdebug\profuislib\extbtnonflat.obj
c:\users\rxcam\documents\ghub\scicompanionx\prof-uis.2.92\bin_1000\staticmbcsdebug\profuislib\extbutton.obj
c:\users\rxcam\documents\ghub\scicompanionx\prof-uis.2.92\bin_1000\staticmbcsdebug\profuislib\extchecklistwnd.obj
c:\users\rxcam\documents\ghub\scicompanionx\prof-uis.2.92\bin_1000\staticmbcsdebug\profuislib\extcmdicon.obj
c:\users\rxcam\documents\ghub\scicompanionx\prof-uis.2.92\bin_1000\staticmbcsdebug\profuislib\extcmdmanager.obj
c:\users\rxcam\documents\ghub\scicompanionx\prof-uis.2.92\bin_1000\staticmbcsdebug\profuislib\extcolorctrl.obj
c:\users\rxcam\documents\ghub\scicompanionx\prof-uis.2.92\bin_1000\staticmbcsdebug\profuislib\extcolordlg.obj
c:\users\rxcam\documents\ghub\scicompanionx\prof-uis.2.92\bin_1000\staticmbcsdebug\profuislib\extcombobox.obj
c:\users\rxcam\documents\ghub\scicompanionx\prof-uis.2.92\bin_1000\staticmbcsdebug\profuislib\extcontentexpandwnd.obj
c:\users\rxcam\documents\ghub\scicompanionx\prof-uis.2.92\bin_1000\staticmbcsdebug\profuislib\extcontrolbar.obj
c:\users\rxcam\documents\ghub\scicompanionx\prof-uis.2.92\bin_1000\staticmbcsdebug\profuislib\extcontrols.obj
c:\users\rxcam\documents\ghub\scicompanionx\prof-uis.2.92\bin_1000\staticmbcsdebug\profuislib\extcontrolscommon.obj
c:\users\rxcam\documents\ghub\scicompanionx\prof-uis.2.92\bin_1000\staticmbcsdebug\profuislib\extdockbar.obj
c:\users\rxcam\documents\ghub\scicompanionx\prof-uis.2.92\bin_1000\staticmbcsdebug\profuislib\extedit.obj
c:\users\rxcam\documents\ghub\scicompanionx\prof-uis.2.92\bin_1000\staticmbcsdebug\profuislib\extgroupbox.obj
c:\users\rxcam\documents\ghub\scicompanionx\prof-uis.2.92\bin_1000\profuis292smd.lib
c:\users\rxcam\documents\ghub\scicompanionx\prof-uis.2.92\profuislib\..\bin_1000\profuis292smd.lib
c:\users\rxcam\documents\ghub\scicompanionx\prof-uis.2.92\bin_1000\staticmbcsdebug\profuislib\profuislib.tlog\cl.command.1.tlog
c:\users\rxcam\documents\ghub\scicompanionx\prof-uis.2.92\bin_1000\staticmbcsdebug\profuislib\profuislib.tlog\cl.read.1.tlog
c:\users\rxcam\documents\ghub\scicompanionx\prof-uis.2.92\bin_1000\staticmbcsdebug\profuislib\profuislib.tlog\cl.write.1.tlog
c:\users\rxcam\documents\ghub\scicompanionx\prof-uis.2.92\bin_1000\staticmbcsdebug\profuislib\profuislib.tlog\lib-link.read.1.tlog
c:\users\rxcam\documents\ghub\scicompanionx\prof-uis.2.92\bin_1000\staticmbcsdebug\profuislib\profuislib.tlog\lib-link.write.1.tlog
c:\users\rxcam\documents\ghub\scicompanionx\prof-uis.2.92\bin_1000\staticmbcsdebug\profuislib\profuislib.tlog\lib.command.1.tlog
