  StdAfx.cpp
C:\Program Files (x86)\Microsoft Visual Studio 14.0\VC\atlmfc\include\afx.h(38): warning C4996: 'MBCS_Support_Deprecated_In_MFC': MBCS support in MFC is deprecated and may be removed in a future version of MFC.
  C:\Program Files (x86)\Microsoft Visual Studio 14.0\VC\atlmfc\include\afx.h(33): note: see declaration of 'MBCS_Support_Deprecated_In_MFC'
  ExtBtnOnFlat.cpp
  ExtButton.cpp
C:\Projects\SCICompanion-master\Prof-UIS.2.92\Include\ExtRichContent.h(198): warning C4091: 'typedef ': ignored on left of 'CExtUxTheme::__EXT_UX_THEMESIZE' when no variable is declared
C:\Projects\SCICompanion-master\Prof-UIS.2.92\Include\ExtRichContent.h(221): warning C4091: 'typedef ': ignored on left of 'CExtUxTheme::__EXT_UX_PROPERTYORIGIN' when no variable is declared
C:\Projects\SCICompanion-master\Prof-UIS.2.92\Include\ExtRichContent.h(1362): warning C4091: 'typedef ': ignored on left of 'CExtDWM::__EXT_DWMWINDOWATTRIBUTE' when no variable is declared
C:\Projects\SCICompanion-master\Prof-UIS.2.92\Include\ExtRichContent.h(1370): warning C4091: 'typedef ': ignored on left of 'CExtDWM::__EXT_DWMNCRENDERINGPOLICY' when no variable is declared
..\Src\ExtButton.cpp(2028): warning C4456: declaration of 'pWnd' hides previous local declaration
  ..\Src\ExtButton.cpp(1904): note: see declaration of 'pWnd'
  ExtCheckListWnd.cpp
C:\Projects\SCICompanion-master\Prof-UIS.2.92\Include\ExtRichContent.h(198): warning C4091: 'typedef ': ignored on left of 'CExtUxTheme::__EXT_UX_THEMESIZE' when no variable is declared
C:\Projects\SCICompanion-master\Prof-UIS.2.92\Include\ExtRichContent.h(221): warning C4091: 'typedef ': ignored on left of 'CExtUxTheme::__EXT_UX_PROPERTYORIGIN' when no variable is declared
C:\Projects\SCICompanion-master\Prof-UIS.2.92\Include\ExtRichContent.h(1362): warning C4091: 'typedef ': ignored on left of 'CExtDWM::__EXT_DWMWINDOWATTRIBUTE' when no variable is declared
C:\Projects\SCICompanion-master\Prof-UIS.2.92\Include\ExtRichContent.h(1370): warning C4091: 'typedef ': ignored on left of 'CExtDWM::__EXT_DWMNCRENDERINGPOLICY' when no variable is declared
..\Src\ExtCheckListWnd.cpp(673): warning C4456: declaration of 'clrTextOld' hides previous local declaration
  ..\Src\ExtCheckListWnd.cpp(608): note: see declaration of 'clrTextOld'
  ExtCmdIcon.cpp
C:\Projects\SCICompanion-master\Prof-UIS.2.92\Include\ExtRichContent.h(198): warning C4091: 'typedef ': ignored on left of 'CExtUxTheme::__EXT_UX_THEMESIZE' when no variable is declared
C:\Projects\SCICompanion-master\Prof-UIS.2.92\Include\ExtRichContent.h(221): warning C4091: 'typedef ': ignored on left of 'CExtUxTheme::__EXT_UX_PROPERTYORIGIN' when no variable is declared
C:\Projects\SCICompanion-master\Prof-UIS.2.92\Include\ExtRichContent.h(1362): warning C4091: 'typedef ': ignored on left of 'CExtDWM::__EXT_DWMWINDOWATTRIBUTE' when no variable is declared
C:\Projects\SCICompanion-master\Prof-UIS.2.92\Include\ExtRichContent.h(1370): warning C4091: 'typedef ': ignored on left of 'CExtDWM::__EXT_DWMNCRENDERINGPOLICY' when no variable is declared
..\Src\ExtCmdIcon.cpp(4017): warning C4456: declaration of 'rcDst' hides previous local declaration
  ..\Src\ExtCmdIcon.cpp(3992): note: see declaration of 'rcDst'
..\Src\ExtCmdIcon.cpp(4023): warning C4456: declaration of 'rcSrc' hides previous local declaration
  ..\Src\ExtCmdIcon.cpp(3998): note: see declaration of 'rcSrc'
..\Src\ExtCmdIcon.cpp(4037): warning C4456: declaration of 'rcDst' hides previous local declaration
  ..\Src\ExtCmdIcon.cpp(4012): note: see declaration of 'rcDst'
..\Src\ExtCmdIcon.cpp(4043): warning C4456: declaration of 'rcSrc' hides previous local declaration
  ..\Src\ExtCmdIcon.cpp(4018): note: see declaration of 'rcSrc'
..\Src\ExtCmdIcon.cpp(4059): warning C4456: declaration of 'rcDst' hides previous local declaration
  ..\Src\ExtCmdIcon.cpp(3992): note: see declaration of 'rcDst'
..\Src\ExtCmdIcon.cpp(4065): warning C4456: declaration of 'rcSrc' hides previous local declaration
  ..\Src\ExtCmdIcon.cpp(3998): note: see declaration of 'rcSrc'
..\Src\ExtCmdIcon.cpp(4079): warning C4456: declaration of 'rcDst' hides previous local declaration
  ..\Src\ExtCmdIcon.cpp(4054): note: see declaration of 'rcDst'
..\Src\ExtCmdIcon.cpp(4085): warning C4456: declaration of 'rcSrc' hides previous local declaration
  ..\Src\ExtCmdIcon.cpp(4060): note: see declaration of 'rcSrc'
..\Src\ExtCmdIcon.cpp(4143): warning C4456: declaration of 'rcDst' hides previous local declaration
  ..\Src\ExtCmdIcon.cpp(4118): note: see declaration of 'rcDst'
..\Src\ExtCmdIcon.cpp(4149): warning C4456: declaration of 'rcSrc' hides previous local declaration
  ..\Src\ExtCmdIcon.cpp(4124): note: see declaration of 'rcSrc'
..\Src\ExtCmdIcon.cpp(4185): warning C4456: declaration of 'rcDst' hides previous local declaration
  ..\Src\ExtCmdIcon.cpp(4160): note: see declaration of 'rcDst'
..\Src\ExtCmdIcon.cpp(4191): warning C4456: declaration of 'rcSrc' hides previous local declaration
  ..\Src\ExtCmdIcon.cpp(4166): note: see declaration of 'rcSrc'
..\Src\ExtCmdIcon.cpp(6643): warning C4456: declaration of 'pRect' hides previous local declaration
  ..\Src\ExtCmdIcon.cpp(6627): note: see declaration of 'pRect'
  ExtCmdManager.cpp
C:\Projects\SCICompanion-master\Prof-UIS.2.92\Include\ExtRichContent.h(198): warning C4091: 'typedef ': ignored on left of 'CExtUxTheme::__EXT_UX_THEMESIZE' when no variable is declared
C:\Projects\SCICompanion-master\Prof-UIS.2.92\Include\ExtRichContent.h(221): warning C4091: 'typedef ': ignored on left of 'CExtUxTheme::__EXT_UX_PROPERTYORIGIN' when no variable is declared
C:\Projects\SCICompanion-master\Prof-UIS.2.92\Include\ExtRichContent.h(1362): warning C4091: 'typedef ': ignored on left of 'CExtDWM::__EXT_DWMWINDOWATTRIBUTE' when no variable is declared
C:\Projects\SCICompanion-master\Prof-UIS.2.92\Include\ExtRichContent.h(1370): warning C4091: 'typedef ': ignored on left of 'CExtDWM::__EXT_DWMNCRENDERINGPOLICY' when no variable is declared
     Prof-UIS is automatically linking with version.lib
        (Version info support)
..\Src\ExtCmdManager.cpp(887): warning C4457: declaration of 'nCmdID' hides function parameter
  ..\Src\ExtCmdManager.cpp(856): note: see declaration of 'nCmdID'
..\Src\ExtCmdManager.cpp(888): warning C4456: declaration of 'pCmdItem' hides previous local declaration
  ..\Src\ExtCmdManager.cpp(867): note: see declaration of 'pCmdItem'
..\Src\ExtCmdManager.cpp(3298): warning C4456: declaration of 'reg' hides previous local declaration
  ..\Src\ExtCmdManager.cpp(3269): note: see declaration of 'reg'
..\Src\ExtCmdManager.cpp(3404): warning C4456: declaration of 'reg' hides previous local declaration
  ..\Src\ExtCmdManager.cpp(3367): note: see declaration of 'reg'
  ExtColorCtrl.cpp
C:\Projects\SCICompanion-master\Prof-UIS.2.92\Include\ExtRichContent.h(198): warning C4091: 'typedef ': ignored on left of 'CExtUxTheme::__EXT_UX_THEMESIZE' when no variable is declared
C:\Projects\SCICompanion-master\Prof-UIS.2.92\Include\ExtRichContent.h(221): warning C4091: 'typedef ': ignored on left of 'CExtUxTheme::__EXT_UX_PROPERTYORIGIN' when no variable is declared
C:\Projects\SCICompanion-master\Prof-UIS.2.92\Include\ExtRichContent.h(1362): warning C4091: 'typedef ': ignored on left of 'CExtDWM::__EXT_DWMWINDOWATTRIBUTE' when no variable is declared
C:\Projects\SCICompanion-master\Prof-UIS.2.92\Include\ExtRichContent.h(1370): warning C4091: 'typedef ': ignored on left of 'CExtDWM::__EXT_DWMNCRENDERINGPOLICY' when no variable is declared
  ExtColorDlg.cpp
C:\Projects\SCICompanion-master\Prof-UIS.2.92\Include\ExtRichContent.h(198): warning C4091: 'typedef ': ignored on left of 'CExtUxTheme::__EXT_UX_THEMESIZE' when no variable is declared
C:\Projects\SCICompanion-master\Prof-UIS.2.92\Include\ExtRichContent.h(221): warning C4091: 'typedef ': ignored on left of 'CExtUxTheme::__EXT_UX_PROPERTYORIGIN' when no variable is declared
C:\Projects\SCICompanion-master\Prof-UIS.2.92\Include\ExtRichContent.h(1362): warning C4091: 'typedef ': ignored on left of 'CExtDWM::__EXT_DWMWINDOWATTRIBUTE' when no variable is declared
C:\Projects\SCICompanion-master\Prof-UIS.2.92\Include\ExtRichContent.h(1370): warning C4091: 'typedef ': ignored on left of 'CExtDWM::__EXT_DWMNCRENDERINGPOLICY' when no variable is declared
  ExtComboBox.cpp
C:\Projects\SCICompanion-master\Prof-UIS.2.92\Include\ExtRichContent.h(198): warning C4091: 'typedef ': ignored on left of 'CExtUxTheme::__EXT_UX_THEMESIZE' when no variable is declared
C:\Projects\SCICompanion-master\Prof-UIS.2.92\Include\ExtRichContent.h(221): warning C4091: 'typedef ': ignored on left of 'CExtUxTheme::__EXT_UX_PROPERTYORIGIN' when no variable is declared
C:\Projects\SCICompanion-master\Prof-UIS.2.92\Include\ExtRichContent.h(1362): warning C4091: 'typedef ': ignored on left of 'CExtDWM::__EXT_DWMWINDOWATTRIBUTE' when no variable is declared
C:\Projects\SCICompanion-master\Prof-UIS.2.92\Include\ExtRichContent.h(1370): warning C4091: 'typedef ': ignored on left of 'CExtDWM::__EXT_DWMNCRENDERINGPOLICY' when no variable is declared
..\Src\ExtComboBox.cpp(2136): warning C4456: declaration of 'nLenght' hides previous local declaration
  ..\Src\ExtComboBox.cpp(2122): note: see declaration of 'nLenght'
  ExtContentExpandWnd.cpp
C:\Projects\SCICompanion-master\Prof-UIS.2.92\Include\ExtRichContent.h(198): warning C4091: 'typedef ': ignored on left of 'CExtUxTheme::__EXT_UX_THEMESIZE' when no variable is declared
C:\Projects\SCICompanion-master\Prof-UIS.2.92\Include\ExtRichContent.h(221): warning C4091: 'typedef ': ignored on left of 'CExtUxTheme::__EXT_UX_PROPERTYORIGIN' when no variable is declared
C:\Projects\SCICompanion-master\Prof-UIS.2.92\Include\ExtRichContent.h(1362): warning C4091: 'typedef ': ignored on left of 'CExtDWM::__EXT_DWMWINDOWATTRIBUTE' when no variable is declared
C:\Projects\SCICompanion-master\Prof-UIS.2.92\Include\ExtRichContent.h(1370): warning C4091: 'typedef ': ignored on left of 'CExtDWM::__EXT_DWMNCRENDERINGPOLICY' when no variable is declared
  ExtControlBar.cpp
C:\Projects\SCICompanion-master\Prof-UIS.2.92\Include\ExtRichContent.h(198): warning C4091: 'typedef ': ignored on left of 'CExtUxTheme::__EXT_UX_THEMESIZE' when no variable is declared
C:\Projects\SCICompanion-master\Prof-UIS.2.92\Include\ExtRichContent.h(221): warning C4091: 'typedef ': ignored on left of 'CExtUxTheme::__EXT_UX_PROPERTYORIGIN' when no variable is declared
C:\Projects\SCICompanion-master\Prof-UIS.2.92\Include\ExtRichContent.h(1362): warning C4091: 'typedef ': ignored on left of 'CExtDWM::__EXT_DWMWINDOWATTRIBUTE' when no variable is declared
C:\Projects\SCICompanion-master\Prof-UIS.2.92\Include\ExtRichContent.h(1370): warning C4091: 'typedef ': ignored on left of 'CExtDWM::__EXT_DWMNCRENDERINGPOLICY' when no variable is declared
..\Src\ExtControlBar.cpp(3596): warning C4456: declaration of 'dw' hides previous local declaration
  ..\Src\ExtControlBar.cpp(3563): note: see declaration of 'dw'
..\Src\ExtControlBar.cpp(4545): warning C4458: declaration of 'm_rcBar' hides class member
  C:\Projects\SCICompanion-master\Prof-UIS.2.92\Include\ExtControlBar.h(793): note: see declaration of 'CExtControlBar::InternalDockStateBar::m_rcBar'
..\Src\ExtControlBar.cpp(10795): warning C4456: declaration of 'nCountOfBars' hides previous local declaration
  ..\Src\ExtControlBar.cpp(10759): note: see declaration of 'nCountOfBars'
..\Src\ExtControlBar.cpp(11404): warning C4456: declaration of 'rcBarWnd' hides previous local declaration
  ..\Src\ExtControlBar.cpp(11250): note: see declaration of 'rcBarWnd'
..\Src\ExtControlBar.cpp(11457): warning C4456: declaration of 'rcBarWnd' hides previous local declaration
  ..\Src\ExtControlBar.cpp(11250): note: see declaration of 'rcBarWnd'
..\Src\ExtControlBar.cpp(15705): warning C4458: declaration of 'm_nSpaceAvailBySideBefore' hides class member
  C:\Projects\SCICompanion-master\Prof-UIS.2.92\Include\ExtControlBar.h(965): note: see declaration of 'CExtControlBar::InternalBarRepositionData_t::m_nSpaceAvailBySideBefore'
..\Src\ExtControlBar.cpp(15712): warning C4458: declaration of 'm_nSpaceAvailBySideBefore' hides class member
  C:\Projects\SCICompanion-master\Prof-UIS.2.92\Include\ExtControlBar.h(965): note: see declaration of 'CExtControlBar::InternalBarRepositionData_t::m_nSpaceAvailBySideBefore'
..\Src\ExtControlBar.cpp(15732): warning C4458: declaration of 'm_nSpaceAvailBySideAfter' hides class member
  C:\Projects\SCICompanion-master\Prof-UIS.2.92\Include\ExtControlBar.h(966): note: see declaration of 'CExtControlBar::InternalBarRepositionData_t::m_nSpaceAvailBySideAfter'
..\Src\ExtControlBar.cpp(15739): warning C4458: declaration of 'm_nSpaceAvailBySideBefore' hides class member
  C:\Projects\SCICompanion-master\Prof-UIS.2.92\Include\ExtControlBar.h(965): note: see declaration of 'CExtControlBar::InternalBarRepositionData_t::m_nSpaceAvailBySideBefore'
..\Src\ExtControlBar.cpp(16732): warning C4456: declaration of 'hWnd' hides previous local declaration
  ..\Src\ExtControlBar.cpp(16718): note: see declaration of 'hWnd'
..\Src\ExtControlBar.cpp(16737): warning C4456: declaration of 'pWnd' hides previous local declaration
  ..\Src\ExtControlBar.cpp(16722): note: see declaration of 'pWnd'
..\Src\ExtControlBar.cpp(24472): warning C4457: declaration of 'pDynBar' hides function parameter
  ..\Src\ExtControlBar.cpp(24427): note: see declaration of 'pDynBar'
..\Src\ExtControlBar.cpp(24664): warning C4456: declaration of 'rcWnd' hides previous local declaration
  ..\Src\ExtControlBar.cpp(24630): note: see declaration of 'rcWnd'
..\Src\ExtControlBar.cpp(24669): warning C4456: declaration of 'pWnd' hides previous local declaration
  ..\Src\ExtControlBar.cpp(24641): note: see declaration of 'pWnd'
..\Src\ExtControlBar.cpp(25572): warning C4456: declaration of 'hWndBar' hides previous local declaration
  ..\Src\ExtControlBar.cpp(25424): note: see declaration of 'hWndBar'
..\Src\ExtControlBar.cpp(26065): warning C4456: declaration of 'eDBS' hides previous local declaration
  ..\Src\ExtControlBar.cpp(26054): note: see declaration of 'eDBS'
..\Src\ExtControlBar.cpp(29109): warning C4456: declaration of 'pWnd' hides previous local declaration
  ..\Src\ExtControlBar.cpp(29096): note: see declaration of 'pWnd'
  ExtControls.cpp
C:\Projects\SCICompanion-master\Prof-UIS.2.92\Include\ExtRichContent.h(198): warning C4091: 'typedef ': ignored on left of 'CExtUxTheme::__EXT_UX_THEMESIZE' when no variable is declared
C:\Projects\SCICompanion-master\Prof-UIS.2.92\Include\ExtRichContent.h(221): warning C4091: 'typedef ': ignored on left of 'CExtUxTheme::__EXT_UX_PROPERTYORIGIN' when no variable is declared
C:\Projects\SCICompanion-master\Prof-UIS.2.92\Include\ExtRichContent.h(1362): warning C4091: 'typedef ': ignored on left of 'CExtDWM::__EXT_DWMWINDOWATTRIBUTE' when no variable is declared
C:\Projects\SCICompanion-master\Prof-UIS.2.92\Include\ExtRichContent.h(1370): warning C4091: 'typedef ': ignored on left of 'CExtDWM::__EXT_DWMNCRENDERINGPOLICY' when no variable is declared
..\Src\ExtControls.cpp(152): warning C4456: declaration of 'pWnd' hides previous local declaration
  ..\Src\ExtControls.cpp(139): note: see declaration of 'pWnd'
..\Src\ExtControls.cpp(161): warning C4456: declaration of 'pWnd' hides previous local declaration
  ..\Src\ExtControls.cpp(139): note: see declaration of 'pWnd'
..\Src\ExtControls.cpp(168): warning C4456: declaration of 'pWnd' hides previous local declaration
  ..\Src\ExtControls.cpp(139): note: see declaration of 'pWnd'
..\Src\ExtControls.cpp(173): warning C4456: declaration of 'pWnd' hides previous local declaration
  ..\Src\ExtControls.cpp(139): note: see declaration of 'pWnd'
..\Src\ExtControls.cpp(213): warning C4456: declaration of 'hWnd' hides previous local declaration
  ..\Src\ExtControls.cpp(101): note: see declaration of 'hWnd'
  ExtControlsCommon.cpp
C:\Projects\SCICompanion-master\Prof-UIS.2.92\Include\ExtRichContent.h(198): warning C4091: 'typedef ': ignored on left of 'CExtUxTheme::__EXT_UX_THEMESIZE' when no variable is declared
C:\Projects\SCICompanion-master\Prof-UIS.2.92\Include\ExtRichContent.h(221): warning C4091: 'typedef ': ignored on left of 'CExtUxTheme::__EXT_UX_PROPERTYORIGIN' when no variable is declared
C:\Projects\SCICompanion-master\Prof-UIS.2.92\Include\ExtRichContent.h(1362): warning C4091: 'typedef ': ignored on left of 'CExtDWM::__EXT_DWMWINDOWATTRIBUTE' when no variable is declared
C:\Projects\SCICompanion-master\Prof-UIS.2.92\Include\ExtRichContent.h(1370): warning C4091: 'typedef ': ignored on left of 'CExtDWM::__EXT_DWMNCRENDERINGPOLICY' when no variable is declared
  ExtDockBar.cpp
C:\Projects\SCICompanion-master\Prof-UIS.2.92\Include\ExtRichContent.h(198): warning C4091: 'typedef ': ignored on left of 'CExtUxTheme::__EXT_UX_THEMESIZE' when no variable is declared
C:\Projects\SCICompanion-master\Prof-UIS.2.92\Include\ExtRichContent.h(221): warning C4091: 'typedef ': ignored on left of 'CExtUxTheme::__EXT_UX_PROPERTYORIGIN' when no variable is declared
C:\Projects\SCICompanion-master\Prof-UIS.2.92\Include\ExtRichContent.h(1362): warning C4091: 'typedef ': ignored on left of 'CExtDWM::__EXT_DWMWINDOWATTRIBUTE' when no variable is declared
C:\Projects\SCICompanion-master\Prof-UIS.2.92\Include\ExtRichContent.h(1370): warning C4091: 'typedef ': ignored on left of 'CExtDWM::__EXT_DWMNCRENDERINGPOLICY' when no variable is declared
..\Src\ExtDockBar.cpp(4293): warning C4456: declaration of 'nMinHW' hides previous local declaration
  ..\Src\ExtDockBar.cpp(4263): note: see declaration of 'nMinHW'
..\Src\ExtDockBar.cpp(4294): warning C4456: declaration of 'nMinVH' hides previous local declaration
  ..\Src\ExtDockBar.cpp(4264): note: see declaration of 'nMinVH'
..\Src\ExtDockBar.cpp(4414): warning C4456: declaration of 'nIncrement' hides previous local declaration
  ..\Src\ExtDockBar.cpp(4336): note: see declaration of 'nIncrement'
..\Src\ExtDockBar.cpp(4415): warning C4456: declaration of 'nDiff' hides previous local declaration
  ..\Src\ExtDockBar.cpp(4337): note: see declaration of 'nDiff'
..\Src\ExtDockBar.cpp(4444): warning C4456: declaration of 'nRowSize' hides previous local declaration
  ..\Src\ExtDockBar.cpp(4425): note: see declaration of 'nRowSize'
..\Src\ExtDockBar.cpp(4445): warning C4456: declaration of 'nBar' hides previous local declaration
  ..\Src\ExtDockBar.cpp(4431): note: see declaration of 'nBar'
..\Src\ExtDockBar.cpp(4447): warning C4456: declaration of 'pExtBar' hides previous local declaration
  ..\Src\ExtDockBar.cpp(4433): note: see declaration of 'pExtBar'
..\Src\ExtDockBar.cpp(5606): warning C4456: declaration of 'pFrame' hides previous local declaration
  ..\Src\ExtDockBar.cpp(5571): note: see declaration of 'pFrame'
..\Src\ExtDockBar.cpp(6623): warning C4456: declaration of 'nBar' hides previous local declaration
  ..\Src\ExtDockBar.cpp(6549): note: see declaration of 'nBar'
..\Src\ExtDockBar.cpp(6650): warning C4456: declaration of 'nBar' hides previous local declaration
  ..\Src\ExtDockBar.cpp(6549): note: see declaration of 'nBar'
..\Src\ExtDockBar.cpp(6786): warning C4456: declaration of 'nBar' hides previous local declaration
  ..\Src\ExtDockBar.cpp(6549): note: see declaration of 'nBar'
..\Src\ExtDockBar.cpp(7860): warning C4456: declaration of 'nBar' hides previous local declaration
  ..\Src\ExtDockBar.cpp(7791): note: see declaration of 'nBar'
..\Src\ExtDockBar.cpp(7982): warning C4456: declaration of 'olid' hides previous local declaration
  ..\Src\ExtDockBar.cpp(7874): note: see declaration of 'olid'
  ExtEdit.cpp
C:\Projects\SCICompanion-master\Prof-UIS.2.92\Include\ExtRichContent.h(198): warning C4091: 'typedef ': ignored on left of 'CExtUxTheme::__EXT_UX_THEMESIZE' when no variable is declared
C:\Projects\SCICompanion-master\Prof-UIS.2.92\Include\ExtRichContent.h(221): warning C4091: 'typedef ': ignored on left of 'CExtUxTheme::__EXT_UX_PROPERTYORIGIN' when no variable is declared
C:\Projects\SCICompanion-master\Prof-UIS.2.92\Include\ExtRichContent.h(1362): warning C4091: 'typedef ': ignored on left of 'CExtDWM::__EXT_DWMWINDOWATTRIBUTE' when no variable is declared
C:\Projects\SCICompanion-master\Prof-UIS.2.92\Include\ExtRichContent.h(1370): warning C4091: 'typedef ': ignored on left of 'CExtDWM::__EXT_DWMNCRENDERINGPOLICY' when no variable is declared
..\Src\ExtEdit.cpp(1050): warning C4456: declaration of 'dwStyle' hides previous local declaration
  ..\Src\ExtEdit.cpp(1017): note: see declaration of 'dwStyle'
..\Src\ExtEdit.cpp(1095): warning C4456: declaration of 'ptDevOffset' hides previous local declaration
  ..\Src\ExtEdit.cpp(1012): note: see declaration of 'ptDevOffset'
..\Src\ExtEdit.cpp(3070): warning C4456: declaration of '_tstr' hides previous local declaration
  ..\Src\ExtEdit.cpp(3066): note: see declaration of '_tstr'
..\Src\ExtEdit.cpp(3202): warning C4456: declaration of '_tchrMask' hides previous local declaration
  ..\Src\ExtEdit.cpp(3121): note: see declaration of '_tchrMask'
..\Src\ExtEdit.cpp(4175): warning C4456: declaration of 'nLen' hides previous local declaration
  ..\Src\ExtEdit.cpp(4153): note: see declaration of 'nLen'
..\Src\ExtEdit.cpp(4200): warning C4456: declaration of 'nLen' hides previous local declaration
  ..\Src\ExtEdit.cpp(4153): note: see declaration of 'nLen'
..\Src\ExtEdit.cpp(5065): warning C4456: declaration of 'strText' hides previous local declaration
  ..\Src\ExtEdit.cpp(5056): note: see declaration of 'strText'
..\Src\ExtEdit.cpp(5290): warning C4456: declaration of 'bIsNegative' hides previous local declaration
  ..\Src\ExtEdit.cpp(5187): note: see declaration of 'bIsNegative'
..\Src\ExtEdit.cpp(5365): warning C4456: declaration of 'bIsNegative' hides previous local declaration
  ..\Src\ExtEdit.cpp(5187): note: see declaration of 'bIsNegative'
..\Src\ExtEdit.cpp(5458): warning C4456: declaration of '_strText' hides previous local declaration
  ..\Src\ExtEdit.cpp(5440): note: see declaration of '_strText'
..\Src\ExtEdit.cpp(5459): warning C4456: declaration of '_nStart' hides previous local declaration
  ..\Src\ExtEdit.cpp(5441): note: see declaration of '_nStart'
..\Src\ExtEdit.cpp(5460): warning C4456: declaration of '_nEnd' hides previous local declaration
  ..\Src\ExtEdit.cpp(5442): note: see declaration of '_nEnd'
..\Src\ExtEdit.cpp(5470): warning C4456: declaration of '_strText' hides previous local declaration
  ..\Src\ExtEdit.cpp(5440): note: see declaration of '_strText'
..\Src\ExtEdit.cpp(5471): warning C4456: declaration of '_nStart' hides previous local declaration
  ..\Src\ExtEdit.cpp(5441): note: see declaration of '_nStart'
..\Src\ExtEdit.cpp(5472): warning C4456: declaration of '_nEnd' hides previous local declaration
  ..\Src\ExtEdit.cpp(5442): note: see declaration of '_nEnd'
..\Src\ExtEdit.cpp(5589): warning C4456: declaration of '_strText' hides previous local declaration
  ..\Src\ExtEdit.cpp(5578): note: see declaration of '_strText'
..\Src\ExtEdit.cpp(5617): warning C4456: declaration of 'strText' hides previous local declaration
  ..\Src\ExtEdit.cpp(5606): note: see declaration of 'strText'
..\Src\ExtEdit.cpp(5713): warning C4456: declaration of 'strText' hides previous local declaration
  ..\Src\ExtEdit.cpp(5703): note: see declaration of 'strText'
..\Src\ExtEdit.cpp(6039): warning C4456: declaration of '_nPos' hides previous local declaration
  ..\Src\ExtEdit.cpp(5811): note: see declaration of '_nPos'
..\Src\ExtEdit.cpp(6315): warning C4456: declaration of '_nStart' hides previous local declaration
  ..\Src\ExtEdit.cpp(6245): note: see declaration of '_nStart'
..\Src\ExtEdit.cpp(6390): warning C4456: declaration of 'bNegative' hides previous local declaration
  ..\Src\ExtEdit.cpp(6243): note: see declaration of 'bNegative'
..\Src\ExtEdit.cpp(7432): warning C4456: declaration of 'bIsNegative' hides previous local declaration
  ..\Src\ExtEdit.cpp(7365): note: see declaration of 'bIsNegative'
..\Src\ExtEdit.cpp(7482): warning C4456: declaration of 'bIsNegative' hides previous local declaration
  ..\Src\ExtEdit.cpp(7365): note: see declaration of 'bIsNegative'
..\Src\ExtEdit.cpp(7519): warning C4457: declaration of 'nFlags' hides function parameter
  ..\Src\ExtEdit.cpp(7349): note: see declaration of 'nFlags'
..\Src\ExtEdit.cpp(7534): warning C4456: declaration of 'nEnd' hides previous local declaration
  ..\Src\ExtEdit.cpp(7355): note: see declaration of 'nEnd'
..\Src\ExtEdit.cpp(7878): warning C4456: declaration of '_nPos' hides previous local declaration
  ..\Src\ExtEdit.cpp(7627): note: see declaration of '_nPos'
  ExtGroupBox.cpp
C:\Projects\SCICompanion-master\Prof-UIS.2.92\Include\ExtRichContent.h(198): warning C4091: 'typedef ': ignored on left of 'CExtUxTheme::__EXT_UX_THEMESIZE' when no variable is declared
C:\Projects\SCICompanion-master\Prof-UIS.2.92\Include\ExtRichContent.h(221): warning C4091: 'typedef ': ignored on left of 'CExtUxTheme::__EXT_UX_PROPERTYORIGIN' when no variable is declared
C:\Projects\SCICompanion-master\Prof-UIS.2.92\Include\ExtRichContent.h(1362): warning C4091: 'typedef ': ignored on left of 'CExtDWM::__EXT_DWMWINDOWATTRIBUTE' when no variable is declared
C:\Projects\SCICompanion-master\Prof-UIS.2.92\Include\ExtRichContent.h(1370): warning C4091: 'typedef ': ignored on left of 'CExtDWM::__EXT_DWMNCRENDERINGPOLICY' when no variable is declared
  ExtHook.cpp
C:\Projects\SCICompanion-master\Prof-UIS.2.92\Include\ExtRichContent.h(198): warning C4091: 'typedef ': ignored on left of 'CExtUxTheme::__EXT_UX_THEMESIZE' when no variable is declared
C:\Projects\SCICompanion-master\Prof-UIS.2.92\Include\ExtRichContent.h(221): warning C4091: 'typedef ': ignored on left of 'CExtUxTheme::__EXT_UX_PROPERTYORIGIN' when no variable is declared
C:\Projects\SCICompanion-master\Prof-UIS.2.92\Include\ExtRichContent.h(1362): warning C4091: 'typedef ': ignored on left of 'CExtDWM::__EXT_DWMWINDOWATTRIBUTE' when no variable is declared
C:\Projects\SCICompanion-master\Prof-UIS.2.92\Include\ExtRichContent.h(1370): warning C4091: 'typedef ': ignored on left of 'CExtDWM::__EXT_DWMNCRENDERINGPOLICY' when no variable is declared
  ExtLabel.cpp
C:\Projects\SCICompanion-master\Prof-UIS.2.92\Include\ExtRichContent.h(198): warning C4091: 'typedef ': ignored on left of 'CExtUxTheme::__EXT_UX_THEMESIZE' when no variable is declared
C:\Projects\SCICompanion-master\Prof-UIS.2.92\Include\ExtRichContent.h(221): warning C4091: 'typedef ': ignored on left of 'CExtUxTheme::__EXT_UX_PROPERTYORIGIN' when no variable is declared
C:\Projects\SCICompanion-master\Prof-UIS.2.92\Include\ExtRichContent.h(1362): warning C4091: 'typedef ': ignored on left of 'CExtDWM::__EXT_DWMWINDOWATTRIBUTE' when no variable is declared
C:\Projects\SCICompanion-master\Prof-UIS.2.92\Include\ExtRichContent.h(1370): warning C4091: 'typedef ': ignored on left of 'CExtDWM::__EXT_DWMNCRENDERINGPOLICY' when no variable is declared
     Prof-UIS is automatically linking with VFW library: vfw32.lib
        (Video for Windows)
  ExtMdiWindowsListDlg.cpp
C:\Projects\SCICompanion-master\Prof-UIS.2.92\Include\ExtRichContent.h(198): warning C4091: 'typedef ': ignored on left of 'CExtUxTheme::__EXT_UX_THEMESIZE' when no variable is declared
C:\Projects\SCICompanion-master\Prof-UIS.2.92\Include\ExtRichContent.h(221): warning C4091: 'typedef ': ignored on left of 'CExtUxTheme::__EXT_UX_PROPERTYORIGIN' when no variable is declared
C:\Projects\SCICompanion-master\Prof-UIS.2.92\Include\ExtRichContent.h(1362): warning C4091: 'typedef ': ignored on left of 'CExtDWM::__EXT_DWMWINDOWATTRIBUTE' when no variable is declared
C:\Projects\SCICompanion-master\Prof-UIS.2.92\Include\ExtRichContent.h(1370): warning C4091: 'typedef ': ignored on left of 'CExtDWM::__EXT_DWMNCRENDERINGPOLICY' when no variable is declared
..\Src\ExtMdiWindowsListDlg.cpp(455): warning C4456: declaration of 'hWnd' hides previous local declaration
  ..\Src\ExtMdiWindowsListDlg.cpp(441): note: see declaration of 'hWnd'
..\Src\ExtMdiWindowsListDlg.cpp(477): warning C4456: declaration of 'hWnd' hides previous local declaration
  ..\Src\ExtMdiWindowsListDlg.cpp(441): note: see declaration of 'hWnd'
..\Src\ExtMdiWindowsListDlg.cpp(501): warning C4456: declaration of 'hWnd' hides previous local declaration
  ..\Src\ExtMdiWindowsListDlg.cpp(441): note: see declaration of 'hWnd'
..\Src\ExtMdiWindowsListDlg.cpp(524): warning C4456: declaration of 'hWnd' hides previous local declaration
  ..\Src\ExtMdiWindowsListDlg.cpp(441): note: see declaration of 'hWnd'
..\Src\ExtMdiWindowsListDlg.cpp(556): warning C4456: declaration of 'hWnd' hides previous local declaration
  ..\Src\ExtMdiWindowsListDlg.cpp(441): note: see declaration of 'hWnd'
..\Src\ExtMdiWindowsListDlg.cpp(573): warning C4456: declaration of 'hWnd' hides previous local declaration
  ..\Src\ExtMdiWindowsListDlg.cpp(441): note: see declaration of 'hWnd'
  ExtMenuControlBar.cpp
C:\Projects\SCICompanion-master\Prof-UIS.2.92\Include\ExtRichContent.h(198): warning C4091: 'typedef ': ignored on left of 'CExtUxTheme::__EXT_UX_THEMESIZE' when no variable is declared
C:\Projects\SCICompanion-master\Prof-UIS.2.92\Include\ExtRichContent.h(221): warning C4091: 'typedef ': ignored on left of 'CExtUxTheme::__EXT_UX_PROPERTYORIGIN' when no variable is declared
C:\Projects\SCICompanion-master\Prof-UIS.2.92\Include\ExtRichContent.h(1362): warning C4091: 'typedef ': ignored on left of 'CExtDWM::__EXT_DWMWINDOWATTRIBUTE' when no variable is declared
C:\Projects\SCICompanion-master\Prof-UIS.2.92\Include\ExtRichContent.h(1370): warning C4091: 'typedef ': ignored on left of 'CExtDWM::__EXT_DWMNCRENDERINGPOLICY' when no variable is declared
..\Src\ExtMenuControlBar.cpp(2295): warning C4456: declaration of 'nBtnIdx' hides previous local declaration
  ..\Src\ExtMenuControlBar.cpp(2229): note: see declaration of 'nBtnIdx'
  ExtMiniDockFrameWnd.cpp
C:\Projects\SCICompanion-master\Prof-UIS.2.92\Include\ExtRichContent.h(198): warning C4091: 'typedef ': ignored on left of 'CExtUxTheme::__EXT_UX_THEMESIZE' when no variable is declared
C:\Projects\SCICompanion-master\Prof-UIS.2.92\Include\ExtRichContent.h(221): warning C4091: 'typedef ': ignored on left of 'CExtUxTheme::__EXT_UX_PROPERTYORIGIN' when no variable is declared
C:\Projects\SCICompanion-master\Prof-UIS.2.92\Include\ExtRichContent.h(1362): warning C4091: 'typedef ': ignored on left of 'CExtDWM::__EXT_DWMWINDOWATTRIBUTE' when no variable is declared
C:\Projects\SCICompanion-master\Prof-UIS.2.92\Include\ExtRichContent.h(1370): warning C4091: 'typedef ': ignored on left of 'CExtDWM::__EXT_DWMNCRENDERINGPOLICY' when no variable is declared
..\Src\ExtMiniDockFrameWnd.cpp(406): warning C4456: declaration of 'pExtBar' hides previous local declaration
  ..\Src\ExtMiniDockFrameWnd.cpp(340): note: see declaration of 'pExtBar'
..\Src\ExtMiniDockFrameWnd.cpp(786): warning C4456: declaration of 'rcWnd' hides previous local declaration
  ..\Src\ExtMiniDockFrameWnd.cpp(647): note: see declaration of 'rcWnd'
..\Src\ExtMiniDockFrameWnd.cpp(1087): warning C4457: declaration of 'point' hides function parameter
  ..\Src\ExtMiniDockFrameWnd.cpp(1060): note: see declaration of 'point'
..\Src\ExtMiniDockFrameWnd.cpp(1332): warning C4456: declaration of 'hTmpWndFocus' hides previous local declaration
  ..\Src\ExtMiniDockFrameWnd.cpp(1257): note: see declaration of 'hTmpWndFocus'
  Generating Code...
  Compiling...
  ExtMouseCaptureSink.cpp
  ExtNcFrame.cpp
C:\Projects\SCICompanion-master\Prof-UIS.2.92\Include\ExtRichContent.h(198): warning C4091: 'typedef ': ignored on left of 'CExtUxTheme::__EXT_UX_THEMESIZE' when no variable is declared
C:\Projects\SCICompanion-master\Prof-UIS.2.92\Include\ExtRichContent.h(221): warning C4091: 'typedef ': ignored on left of 'CExtUxTheme::__EXT_UX_PROPERTYORIGIN' when no variable is declared
C:\Projects\SCICompanion-master\Prof-UIS.2.92\Include\ExtRichContent.h(1362): warning C4091: 'typedef ': ignored on left of 'CExtDWM::__EXT_DWMWINDOWATTRIBUTE' when no variable is declared
C:\Projects\SCICompanion-master\Prof-UIS.2.92\Include\ExtRichContent.h(1370): warning C4091: 'typedef ': ignored on left of 'CExtDWM::__EXT_DWMNCRENDERINGPOLICY' when no variable is declared
..\Src\ExtNcFrame.cpp(404): warning C4456: declaration of '_wp' hides previous local declaration
  ..\Src\ExtNcFrame.cpp(210): note: see declaration of '_wp'
..\Src\ExtNcFrame.cpp(1321): warning C4456: declaration of 'pWndFrameImpl' hides previous local declaration
  ..\Src\ExtNcFrame.cpp(1301): note: see declaration of 'pWndFrameImpl'
..\Src\ExtNcFrame.cpp(3154): warning C4456: declaration of 'rcWnd' hides previous local declaration
  ..\Src\ExtNcFrame.cpp(3006): note: see declaration of 'rcWnd'
..\Src\ExtNcFrame.cpp(3346): warning C4456: declaration of 'rcWnd' hides previous local declaration
  ..\Src\ExtNcFrame.cpp(3006): note: see declaration of 'rcWnd'
..\Src\ExtNcFrame.cpp(4581): warning C4456: declaration of 'dwStyle' hides previous local declaration
  ..\Src\ExtNcFrame.cpp(4574): note: see declaration of 'dwStyle'
  ExtPaintManager.cpp
C:\Projects\SCICompanion-master\Prof-UIS.2.92\Include\ExtRichContent.h(198): warning C4091: 'typedef ': ignored on left of 'CExtUxTheme::__EXT_UX_THEMESIZE' when no variable is declared
C:\Projects\SCICompanion-master\Prof-UIS.2.92\Include\ExtRichContent.h(221): warning C4091: 'typedef ': ignored on left of 'CExtUxTheme::__EXT_UX_PROPERTYORIGIN' when no variable is declared
C:\Projects\SCICompanion-master\Prof-UIS.2.92\Include\ExtRichContent.h(1362): warning C4091: 'typedef ': ignored on left of 'CExtDWM::__EXT_DWMWINDOWATTRIBUTE' when no variable is declared
C:\Projects\SCICompanion-master\Prof-UIS.2.92\Include\ExtRichContent.h(1370): warning C4091: 'typedef ': ignored on left of 'CExtDWM::__EXT_DWMNCRENDERINGPOLICY' when no variable is declared
..\Src\ExtPaintManager.cpp(8518): warning C4456: declaration of 'pOldFont' hides previous local declaration
  ..\Src\ExtPaintManager.cpp(8474): note: see declaration of 'pOldFont'
..\Src\ExtPaintManager.cpp(8532): warning C4456: declaration of 'clrTextRestore' hides previous local declaration
  ..\Src\ExtPaintManager.cpp(8501): note: see declaration of 'clrTextRestore'
..\Src\ExtPaintManager.cpp(8563): warning C4456: declaration of 'pOldFont' hides previous local declaration
  ..\Src\ExtPaintManager.cpp(8474): note: see declaration of 'pOldFont'
..\Src\ExtPaintManager.cpp(8585): warning C4456: declaration of 'pOldFont' hides previous local declaration
  ..\Src\ExtPaintManager.cpp(8474): note: see declaration of 'pOldFont'
..\Src\ExtPaintManager.cpp(8610): warning C4456: declaration of 'pOldFont' hides previous local declaration
  ..\Src\ExtPaintManager.cpp(8474): note: see declaration of 'pOldFont'
..\Src\ExtPaintManager.cpp(8672): warning C4456: declaration of 'clrTextRestore' hides previous local declaration
  ..\Src\ExtPaintManager.cpp(8501): note: see declaration of 'clrTextRestore'
..\Src\ExtPaintManager.cpp(9342): warning C4456: declaration of 'pOldFont' hides previous local declaration
  ..\Src\ExtPaintManager.cpp(9327): note: see declaration of 'pOldFont'
..\Src\ExtPaintManager.cpp(10054): warning C4456: declaration of 'pOldFont' hides previous local declaration
  ..\Src\ExtPaintManager.cpp(9994): note: see declaration of 'pOldFont'
..\Src\ExtPaintManager.cpp(10380): warning C4456: declaration of 'pOldFont' hides previous local declaration
  ..\Src\ExtPaintManager.cpp(10313): note: see declaration of 'pOldFont'
..\Src\ExtPaintManager.cpp(14689): warning C4457: declaration of 'rcClient' hides function parameter
  ..\Src\ExtPaintManager.cpp(14486): note: see declaration of 'rcClient'
..\Src\ExtPaintManager.cpp(14785): warning C4457: declaration of 'clrLeft' hides function parameter
  ..\Src\ExtPaintManager.cpp(14771): note: see declaration of 'clrLeft'
..\Src\ExtPaintManager.cpp(14787): warning C4457: declaration of 'clrRight' hides function parameter
  ..\Src\ExtPaintManager.cpp(14773): note: see declaration of 'clrRight'
..\Src\ExtPaintManager.cpp(28938): warning C4456: declaration of 'rcWnd' hides previous local declaration
  ..\Src\ExtPaintManager.cpp(28754): note: see declaration of 'rcWnd'
..\Src\ExtPaintManager.cpp(29527): warning C4456: declaration of 'rcClient' hides previous local declaration
  ..\Src\ExtPaintManager.cpp(29500): note: see declaration of 'rcClient'
..\Src\ExtPaintManager.cpp(51529): warning C4456: declaration of 'x' hides previous local declaration
  ..\Src\ExtPaintManager.cpp(51518): note: see declaration of 'x'
..\Src\ExtPaintManager.cpp(51529): warning C4456: declaration of 'y' hides previous local declaration
  ..\Src\ExtPaintManager.cpp(51518): note: see declaration of 'y'
..\Src\ExtPaintManager.cpp(52914): warning C4457: declaration of 'pWnd' hides function parameter
  ..\Src\ExtPaintManager.cpp(52813): note: see declaration of 'pWnd'
  ExtPaintManager2.cpp
C:\Projects\SCICompanion-master\Prof-UIS.2.92\Include\ExtRichContent.h(198): warning C4091: 'typedef ': ignored on left of 'CExtUxTheme::__EXT_UX_THEMESIZE' when no variable is declared
C:\Projects\SCICompanion-master\Prof-UIS.2.92\Include\ExtRichContent.h(221): warning C4091: 'typedef ': ignored on left of 'CExtUxTheme::__EXT_UX_PROPERTYORIGIN' when no variable is declared
C:\Projects\SCICompanion-master\Prof-UIS.2.92\Include\ExtRichContent.h(1362): warning C4091: 'typedef ': ignored on left of 'CExtDWM::__EXT_DWMWINDOWATTRIBUTE' when no variable is declared
C:\Projects\SCICompanion-master\Prof-UIS.2.92\Include\ExtRichContent.h(1370): warning C4091: 'typedef ': ignored on left of 'CExtDWM::__EXT_DWMNCRENDERINGPOLICY' when no variable is declared
..\Src\ExtPaintManager2.cpp(3783): warning C4457: declaration of 'pPM' hides function parameter
  ..\Src\ExtPaintManager2.cpp(3749): note: see declaration of 'pPM'
..\Src\ExtPaintManager2.cpp(3798): warning C4456: declaration of 'bTransparent' hides previous local declaration
  ..\Src\ExtPaintManager2.cpp(3778): note: see declaration of 'bTransparent'
..\Src\ExtPaintManager2.cpp(4390): warning C4456: declaration of 'bTransparent' hides previous local declaration
  ..\Src\ExtPaintManager2.cpp(4372): note: see declaration of 'bTransparent'
  ExtPopupMenuWnd.cpp
C:\Projects\SCICompanion-master\Prof-UIS.2.92\Include\ExtRichContent.h(198): warning C4091: 'typedef ': ignored on left of 'CExtUxTheme::__EXT_UX_THEMESIZE' when no variable is declared
C:\Projects\SCICompanion-master\Prof-UIS.2.92\Include\ExtRichContent.h(221): warning C4091: 'typedef ': ignored on left of 'CExtUxTheme::__EXT_UX_PROPERTYORIGIN' when no variable is declared
C:\Projects\SCICompanion-master\Prof-UIS.2.92\Include\ExtRichContent.h(1362): warning C4091: 'typedef ': ignored on left of 'CExtDWM::__EXT_DWMWINDOWATTRIBUTE' when no variable is declared
C:\Projects\SCICompanion-master\Prof-UIS.2.92\Include\ExtRichContent.h(1370): warning C4091: 'typedef ': ignored on left of 'CExtDWM::__EXT_DWMNCRENDERINGPOLICY' when no variable is declared
     Prof-UIS is automatically linking with winmm.lib
        (Windows Multimedia System)
..\Src\ExtPopupMenuWnd.cpp(5815): warning C4456: declaration of 'cx' hides previous local declaration
  ..\Src\ExtPopupMenuWnd.cpp(5333): note: see declaration of 'cx'
..\Src\ExtPopupMenuWnd.cpp(5817): warning C4456: declaration of 'cy' hides previous local declaration
  ..\Src\ExtPopupMenuWnd.cpp(5334): note: see declaration of 'cy'
..\Src\ExtPopupMenuWnd.cpp(5958): warning C4456: declaration of 'cx' hides previous local declaration
  ..\Src\ExtPopupMenuWnd.cpp(5333): note: see declaration of 'cx'
..\Src\ExtPopupMenuWnd.cpp(5960): warning C4456: declaration of 'cy' hides previous local declaration
  ..\Src\ExtPopupMenuWnd.cpp(5334): note: see declaration of 'cy'
..\Src\ExtPopupMenuWnd.cpp(7481): warning C4456: declaration of '_mp' hides previous local declaration
  ..\Src\ExtPopupMenuWnd.cpp(7291): note: see declaration of '_mp'
..\Src\ExtPopupMenuWnd.cpp(7483): warning C4456: declaration of 'rcDesktop' hides previous local declaration
  ..\Src\ExtPopupMenuWnd.cpp(7293): note: see declaration of 'rcDesktop'
..\Src\ExtPopupMenuWnd.cpp(10780): warning C4456: declaration of 'rcIntersection' hides previous local declaration
  ..\Src\ExtPopupMenuWnd.cpp(10707): note: see declaration of 'rcIntersection'
..\Src\ExtPopupMenuWnd.cpp(11956): warning C4456: declaration of 'mi' hides previous local declaration
  ..\Src\ExtPopupMenuWnd.cpp(11896): note: see declaration of 'mi'
..\Src\ExtPopupMenuWnd.cpp(12075): warning C4456: declaration of 'mi' hides previous local declaration
  ..\Src\ExtPopupMenuWnd.cpp(12034): note: see declaration of 'mi'
..\Src\ExtPopupMenuWnd.cpp(12145): warning C4456: declaration of 'mi' hides previous local declaration
  ..\Src\ExtPopupMenuWnd.cpp(12034): note: see declaration of 'mi'
..\Src\ExtPopupMenuWnd.cpp(12149): warning C4456: declaration of 'rcBase' hides previous local declaration
  ..\Src\ExtPopupMenuWnd.cpp(12138): note: see declaration of 'rcBase'
..\Src\ExtPopupMenuWnd.cpp(12927): warning C4456: declaration of 'rcMB' hides previous local declaration
  ..\Src\ExtPopupMenuWnd.cpp(12859): note: see declaration of 'rcMB'
..\Src\ExtPopupMenuWnd.cpp(13258): warning C4456: declaration of 'dc' hides previous local declaration
  ..\Src\ExtPopupMenuWnd.cpp(12888): note: see declaration of 'dc'
..\Src\ExtPopupMenuWnd.cpp(13857): warning C4456: declaration of 'bLButtonUpCall' hides previous local declaration
  ..\Src\ExtPopupMenuWnd.cpp(13654): note: see declaration of 'bLButtonUpCall'
..\Src\ExtPopupMenuWnd.cpp(14896): warning C4456: declaration of 'hWndOwn' hides previous local declaration
  ..\Src\ExtPopupMenuWnd.cpp(14878): note: see declaration of 'hWndOwn'
..\Src\ExtPopupMenuWnd.cpp(16366): warning C4457: declaration of 'point' hides function parameter
  ..\Src\ExtPopupMenuWnd.cpp(16288): note: see declaration of 'point'
..\Src\ExtPopupMenuWnd.cpp(16456): warning C4457: declaration of 'point' hides function parameter
  ..\Src\ExtPopupMenuWnd.cpp(16288): note: see declaration of 'point'
..\Src\ExtPopupMenuWnd.cpp(16708): warning C4456: declaration of 'hWndOwn' hides previous local declaration
  ..\Src\ExtPopupMenuWnd.cpp(16567): note: see declaration of 'hWndOwn'
..\Src\ExtPopupMenuWnd.cpp(16723): warning C4456: declaration of 'mi' hides previous local declaration
  ..\Src\ExtPopupMenuWnd.cpp(16606): note: see declaration of 'mi'
..\Src\ExtPopupMenuWnd.cpp(18090): warning C4456: declaration of 'nItemIndex' hides previous local declaration
  ..\Src\ExtPopupMenuWnd.cpp(18070): note: see declaration of 'nItemIndex'
..\Src\ExtPopupMenuWnd.cpp(18097): warning C4456: declaration of 'hWndOwn' hides previous local declaration
  ..\Src\ExtPopupMenuWnd.cpp(18091): note: see declaration of 'hWndOwn'
..\Src\ExtPopupMenuWnd.cpp(19228): warning C4456: declaration of 'hWndOwn' hides previous local declaration
  ..\Src\ExtPopupMenuWnd.cpp(19104): note: see declaration of 'hWndOwn'
..\Src\ExtPopupMenuWnd.cpp(19616): warning C4456: declaration of 'mi' hides previous local declaration
  ..\Src\ExtPopupMenuWnd.cpp(19601): note: see declaration of 'mi'
..\Src\ExtPopupMenuWnd.cpp(22165): warning C4458: declaration of 'm_nColorIdxCurr' hides class member
  C:\Projects\SCICompanion-master\Prof-UIS.2.92\Include\ExtPopupMenuWnd.h(3408): note: see declaration of 'CExtPopupColorMenuWnd::m_nColorIdxCurr'
  ExtProfUISAboutDialog.cpp
C:\Projects\SCICompanion-master\Prof-UIS.2.92\Include\ExtRichContent.h(198): warning C4091: 'typedef ': ignored on left of 'CExtUxTheme::__EXT_UX_THEMESIZE' when no variable is declared
C:\Projects\SCICompanion-master\Prof-UIS.2.92\Include\ExtRichContent.h(221): warning C4091: 'typedef ': ignored on left of 'CExtUxTheme::__EXT_UX_PROPERTYORIGIN' when no variable is declared
C:\Projects\SCICompanion-master\Prof-UIS.2.92\Include\ExtRichContent.h(1362): warning C4091: 'typedef ': ignored on left of 'CExtDWM::__EXT_DWMWINDOWATTRIBUTE' when no variable is declared
C:\Projects\SCICompanion-master\Prof-UIS.2.92\Include\ExtRichContent.h(1370): warning C4091: 'typedef ': ignored on left of 'CExtDWM::__EXT_DWMNCRENDERINGPOLICY' when no variable is declared
  ExtProgressWnd.cpp
C:\Projects\SCICompanion-master\Prof-UIS.2.92\Include\ExtRichContent.h(198): warning C4091: 'typedef ': ignored on left of 'CExtUxTheme::__EXT_UX_THEMESIZE' when no variable is declared
C:\Projects\SCICompanion-master\Prof-UIS.2.92\Include\ExtRichContent.h(221): warning C4091: 'typedef ': ignored on left of 'CExtUxTheme::__EXT_UX_PROPERTYORIGIN' when no variable is declared
C:\Projects\SCICompanion-master\Prof-UIS.2.92\Include\ExtRichContent.h(1362): warning C4091: 'typedef ': ignored on left of 'CExtDWM::__EXT_DWMWINDOWATTRIBUTE' when no variable is declared
C:\Projects\SCICompanion-master\Prof-UIS.2.92\Include\ExtRichContent.h(1370): warning C4091: 'typedef ': ignored on left of 'CExtDWM::__EXT_DWMNCRENDERINGPOLICY' when no variable is declared
  ExtResizableDialog.cpp
C:\Projects\SCICompanion-master\Prof-UIS.2.92\Include\ExtRichContent.h(198): warning C4091: 'typedef ': ignored on left of 'CExtUxTheme::__EXT_UX_THEMESIZE' when no variable is declared
C:\Projects\SCICompanion-master\Prof-UIS.2.92\Include\ExtRichContent.h(221): warning C4091: 'typedef ': ignored on left of 'CExtUxTheme::__EXT_UX_PROPERTYORIGIN' when no variable is declared
C:\Projects\SCICompanion-master\Prof-UIS.2.92\Include\ExtRichContent.h(1362): warning C4091: 'typedef ': ignored on left of 'CExtDWM::__EXT_DWMWINDOWATTRIBUTE' when no variable is declared
C:\Projects\SCICompanion-master\Prof-UIS.2.92\Include\ExtRichContent.h(1370): warning C4091: 'typedef ': ignored on left of 'CExtDWM::__EXT_DWMNCRENDERINGPOLICY' when no variable is declared
..\Src\ExtResizableDialog.cpp(712): warning C4457: declaration of 'lResult' hides function parameter
  ..\Src\ExtResizableDialog.cpp(680): note: see declaration of 'lResult'
..\Src\ExtResizableDialog.cpp(1288): warning C4457: declaration of 'lResult' hides function parameter
  ..\Src\ExtResizableDialog.cpp(1255): note: see declaration of 'lResult'
  ExtRichContent.cpp
C:\Projects\SCICompanion-master\Prof-UIS.2.92\Include\ExtRichContent.h(198): warning C4091: 'typedef ': ignored on left of 'CExtUxTheme::__EXT_UX_THEMESIZE' when no variable is declared
C:\Projects\SCICompanion-master\Prof-UIS.2.92\Include\ExtRichContent.h(221): warning C4091: 'typedef ': ignored on left of 'CExtUxTheme::__EXT_UX_PROPERTYORIGIN' when no variable is declared
C:\Projects\SCICompanion-master\Prof-UIS.2.92\Include\ExtRichContent.h(1362): warning C4091: 'typedef ': ignored on left of 'CExtDWM::__EXT_DWMWINDOWATTRIBUTE' when no variable is declared
C:\Projects\SCICompanion-master\Prof-UIS.2.92\Include\ExtRichContent.h(1370): warning C4091: 'typedef ': ignored on left of 'CExtDWM::__EXT_DWMNCRENDERINGPOLICY' when no variable is declared
..\Src\ExtRichContent.cpp(4869): warning C4456: declaration of 'eP' hides previous local declaration
  ..\Src\ExtRichContent.cpp(4861): note: see declaration of 'eP'
..\Src\ExtRichContent.cpp(6146): warning C4456: declaration of 'strLocal' hides previous local declaration
  ..\Src\ExtRichContent.cpp(6127): note: see declaration of 'strLocal'
..\Src\ExtRichContent.cpp(6163): warning C4456: declaration of '_strClass' hides previous local declaration
  ..\Src\ExtRichContent.cpp(6127): note: see declaration of '_strClass'
..\Src\ExtRichContent.cpp(7243): warning C4456: declaration of 'nCount' hides previous local declaration
  ..\Src\ExtRichContent.cpp(7205): note: see declaration of 'nCount'
..\Src\ExtRichContent.cpp(13265): warning C4456: declaration of 'nColNo' hides previous local declaration
  ..\Src\ExtRichContent.cpp(13104): note: see declaration of 'nColNo'
..\Src\ExtRichContent.cpp(13265): warning C4456: declaration of 'nRowNo' hides previous local declaration
  ..\Src\ExtRichContent.cpp(13104): note: see declaration of 'nRowNo'
..\Src\ExtRichContent.cpp(13704): warning C4456: declaration of 'pRCI' hides previous local declaration
  ..\Src\ExtRichContent.cpp(13676): note: see declaration of 'pRCI'
..\Src\ExtRichContent.cpp(14195): warning C4456: declaration of 'pFtRCI' hides previous local declaration
  ..\Src\ExtRichContent.cpp(14092): note: see declaration of 'pFtRCI'
..\Src\ExtRichContent.cpp(14196): warning C4456: declaration of 'styleElemFT' hides previous local declaration
  ..\Src\ExtRichContent.cpp(14093): note: see declaration of 'styleElemFT'
..\Src\ExtRichContent.cpp(14452): warning C4456: declaration of 'pRCI' hides previous local declaration
  ..\Src\ExtRichContent.cpp(14089): note: see declaration of 'pRCI'
..\Src\ExtRichContent.cpp(14509): warning C4456: declaration of 'pRCI' hides previous local declaration
  ..\Src\ExtRichContent.cpp(14089): note: see declaration of 'pRCI'
..\Src\ExtRichContent.cpp(14559): warning C4456: declaration of 'posWalkLine' hides previous local declaration
  ..\Src\ExtRichContent.cpp(14440): note: see declaration of 'posWalkLine'
..\Src\ExtRichContent.cpp(14563): warning C4456: declaration of 'pRCI' hides previous local declaration
  ..\Src\ExtRichContent.cpp(14089): note: see declaration of 'pRCI'
..\Src\ExtRichContent.cpp(14599): warning C4456: declaration of 'pRCI' hides previous local declaration
  ..\Src\ExtRichContent.cpp(14089): note: see declaration of 'pRCI'
..\Src\ExtRichContent.cpp(14681): warning C4456: declaration of 'pRCI' hides previous local declaration
  ..\Src\ExtRichContent.cpp(14089): note: see declaration of 'pRCI'
..\Src\ExtRichContent.cpp(14771): warning C4456: declaration of 'pRCI' hides previous local declaration
  ..\Src\ExtRichContent.cpp(14089): note: see declaration of 'pRCI'
..\Src\ExtRichContent.cpp(14777): warning C4456: declaration of 'styleElemFT' hides previous local declaration
  ..\Src\ExtRichContent.cpp(14093): note: see declaration of 'styleElemFT'
..\Src\ExtRichContent.cpp(14811): warning C4456: declaration of 'pFtRCI' hides previous local declaration
  ..\Src\ExtRichContent.cpp(14092): note: see declaration of 'pFtRCI'
..\Src\ExtRichContent.cpp(14816): warning C4456: declaration of 'pFtRCI' hides previous local declaration
  ..\Src\ExtRichContent.cpp(14092): note: see declaration of 'pFtRCI'
..\Src\ExtRichContent.cpp(14825): warning C4456: declaration of 'pRCI' hides previous local declaration
  ..\Src\ExtRichContent.cpp(14089): note: see declaration of 'pRCI'
..\Src\ExtRichContent.cpp(14831): warning C4456: declaration of 'styleElemFT' hides previous local declaration
  ..\Src\ExtRichContent.cpp(14093): note: see declaration of 'styleElemFT'
..\Src\ExtRichContent.cpp(14845): warning C4456: declaration of 'pFtRCI' hides previous local declaration
  ..\Src\ExtRichContent.cpp(14092): note: see declaration of 'pFtRCI'
..\Src\ExtRichContent.cpp(14857): warning C4456: declaration of 'pFtRCI' hides previous local declaration
  ..\Src\ExtRichContent.cpp(14092): note: see declaration of 'pFtRCI'
..\Src\ExtRichContent.cpp(14881): warning C4456: declaration of 'pRCI' hides previous local declaration
  ..\Src\ExtRichContent.cpp(14089): note: see declaration of 'pRCI'
..\Src\ExtRichContent.cpp(14938): warning C4456: declaration of 'pRCI' hides previous local declaration
  ..\Src\ExtRichContent.cpp(14089): note: see declaration of 'pRCI'
..\Src\ExtRichContent.cpp(14984): warning C4456: declaration of 'posWalkLine' hides previous local declaration
  ..\Src\ExtRichContent.cpp(14874): note: see declaration of 'posWalkLine'
..\Src\ExtRichContent.cpp(14988): warning C4456: declaration of 'pRCI' hides previous local declaration
  ..\Src\ExtRichContent.cpp(14089): note: see declaration of 'pRCI'
..\Src\ExtRichContent.cpp(15022): warning C4456: declaration of 'pRCI' hides previous local declaration
  ..\Src\ExtRichContent.cpp(14089): note: see declaration of 'pRCI'
..\Src\ExtRichContent.cpp(15086): warning C4456: declaration of 'pRCI' hides previous local declaration
  ..\Src\ExtRichContent.cpp(14089): note: see declaration of 'pRCI'
..\Src\ExtRichContent.cpp(15143): warning C4456: declaration of 'pRCI' hides previous local declaration
  ..\Src\ExtRichContent.cpp(14089): note: see declaration of 'pRCI'
..\Src\ExtRichContent.cpp(15188): warning C4456: declaration of 'posWalkLine' hides previous local declaration
  ..\Src\ExtRichContent.cpp(15077): note: see declaration of 'posWalkLine'
..\Src\ExtRichContent.cpp(15192): warning C4456: declaration of 'pRCI' hides previous local declaration
  ..\Src\ExtRichContent.cpp(14089): note: see declaration of 'pRCI'
..\Src\ExtRichContent.cpp(15228): warning C4456: declaration of 'pRCI' hides previous local declaration
  ..\Src\ExtRichContent.cpp(14089): note: see declaration of 'pRCI'
..\Src\ExtRichContent.cpp(15255): warning C4456: declaration of 'pRCI' hides previous local declaration
  ..\Src\ExtRichContent.cpp(14089): note: see declaration of 'pRCI'
..\Src\ExtRichContent.cpp(15321): warning C4456: declaration of 'posWalkLine' hides previous local declaration
  ..\Src\ExtRichContent.cpp(15286): note: see declaration of 'posWalkLine'
..\Src\ExtRichContent.cpp(15618): warning C4456: declaration of 'nAvail' hides previous local declaration
  ..\Src\ExtRichContent.cpp(15595): note: see declaration of 'nAvail'
..\Src\ExtRichContent.cpp(15630): warning C4456: declaration of 'nAvail' hides previous local declaration
  ..\Src\ExtRichContent.cpp(15595): note: see declaration of 'nAvail'
..\Src\ExtRichContent.cpp(15673): warning C4456: declaration of 'nAvail' hides previous local declaration
  ..\Src\ExtRichContent.cpp(15595): note: see declaration of 'nAvail'
..\Src\ExtRichContent.cpp(15705): warning C4456: declaration of 'nAvail' hides previous local declaration
  ..\Src\ExtRichContent.cpp(15595): note: see declaration of 'nAvail'
..\Src\ExtRichContent.cpp(15727): warning C4456: declaration of 'nAvail' hides previous local declaration
  ..\Src\ExtRichContent.cpp(15595): note: see declaration of 'nAvail'
..\Src\ExtRichContent.cpp(15741): warning C4456: declaration of 'nAvail' hides previous local declaration
  ..\Src\ExtRichContent.cpp(15595): note: see declaration of 'nAvail'
..\Src\ExtRichContent.cpp(15914): warning C4456: declaration of 'nShiftX' hides previous local declaration
  ..\Src\ExtRichContent.cpp(15778): note: see declaration of 'nShiftX'
..\Src\ExtRichContent.cpp(15915): warning C4456: declaration of 'nShiftY' hides previous local declaration
  ..\Src\ExtRichContent.cpp(15778): note: see declaration of 'nShiftY'
..\Src\ExtRichContent.cpp(20299): warning C4456: declaration of 'pClassRCI' hides previous local declaration
  ..\Src\ExtRichContent.cpp(20278): note: see declaration of 'pClassRCI'
..\Src\ExtRichContent.cpp(22545): warning C4456: declaration of 'nPercentPos' hides previous local declaration
  ..\Src\ExtRichContent.cpp(22518): note: see declaration of 'nPercentPos'
..\Src\ExtRichContent.cpp(22563): warning C4456: declaration of 'nPercentPos' hides previous local declaration
  ..\Src\ExtRichContent.cpp(22518): note: see declaration of 'nPercentPos'
..\Src\ExtRichContent.cpp(22582): warning C4456: declaration of 'nPercentPos' hides previous local declaration
  ..\Src\ExtRichContent.cpp(22518): note: see declaration of 'nPercentPos'
..\Src\ExtRichContent.cpp(22751): warning C4456: declaration of 'nIndex' hides previous local declaration
  ..\Src\ExtRichContent.cpp(22322): note: see declaration of 'nIndex'
..\Src\ExtRichContent.cpp(23681): warning C4456: declaration of 'pRCI_Paragraph' hides previous local declaration
  ..\Src\ExtRichContent.cpp(23500): note: see declaration of 'pRCI_Paragraph'
..\Src\ExtRichContent.cpp(24034): warning C4456: declaration of 'pos' hides previous local declaration
  ..\Src\ExtRichContent.cpp(23809): note: see declaration of 'pos'
..\Src\ExtRichContent.cpp(25716): warning C4838: conversion from 'TBYTE' to 'TCHAR' requires a narrowing conversion
..\Src\ExtRichContent.cpp(25739): warning C4838: conversion from 'TBYTE' to 'TCHAR' requires a narrowing conversion
  ExtScrollWnd.cpp
C:\Projects\SCICompanion-master\Prof-UIS.2.92\Include\ExtRichContent.h(198): warning C4091: 'typedef ': ignored on left of 'CExtUxTheme::__EXT_UX_THEMESIZE' when no variable is declared
C:\Projects\SCICompanion-master\Prof-UIS.2.92\Include\ExtRichContent.h(221): warning C4091: 'typedef ': ignored on left of 'CExtUxTheme::__EXT_UX_PROPERTYORIGIN' when no variable is declared
C:\Projects\SCICompanion-master\Prof-UIS.2.92\Include\ExtRichContent.h(1362): warning C4091: 'typedef ': ignored on left of 'CExtDWM::__EXT_DWMWINDOWATTRIBUTE' when no variable is declared
C:\Projects\SCICompanion-master\Prof-UIS.2.92\Include\ExtRichContent.h(1370): warning C4091: 'typedef ': ignored on left of 'CExtDWM::__EXT_DWMNCRENDERINGPOLICY' when no variable is declared
..\Src\ExtScrollWnd.cpp(2264): warning C4456: declaration of 'bAnimationLocked' hides previous local declaration
  ..\Src\ExtScrollWnd.cpp(1820): note: see declaration of 'bAnimationLocked'
..\Src\ExtScrollWnd.cpp(5415): warning C4456: declaration of 'nScrollLimit' hides previous local declaration
  ..\Src\ExtScrollWnd.cpp(5183): note: see declaration of 'nScrollLimit'
..\Src\ExtScrollWnd.cpp(5489): warning C4456: declaration of 'nScrollLimit' hides previous local declaration
  ..\Src\ExtScrollWnd.cpp(5183): note: see declaration of 'nScrollLimit'
..\Src\ExtScrollWnd.cpp(10519): warning C4456: declaration of 'pos' hides previous local declaration
  ..\Src\ExtScrollWnd.cpp(10461): note: see declaration of 'pos'
..\Src\ExtScrollWnd.cpp(10740): warning C4456: declaration of 'bHaveElementsWithResetStyles' hides previous local declaration
  ..\Src\ExtScrollWnd.cpp(10726): note: see declaration of 'bHaveElementsWithResetStyles'
  ExtSliderWnd.cpp
C:\Projects\SCICompanion-master\Prof-UIS.2.92\Include\ExtRichContent.h(198): warning C4091: 'typedef ': ignored on left of 'CExtUxTheme::__EXT_UX_THEMESIZE' when no variable is declared
C:\Projects\SCICompanion-master\Prof-UIS.2.92\Include\ExtRichContent.h(221): warning C4091: 'typedef ': ignored on left of 'CExtUxTheme::__EXT_UX_PROPERTYORIGIN' when no variable is declared
C:\Projects\SCICompanion-master\Prof-UIS.2.92\Include\ExtRichContent.h(1362): warning C4091: 'typedef ': ignored on left of 'CExtDWM::__EXT_DWMWINDOWATTRIBUTE' when no variable is declared
C:\Projects\SCICompanion-master\Prof-UIS.2.92\Include\ExtRichContent.h(1370): warning C4091: 'typedef ': ignored on left of 'CExtDWM::__EXT_DWMNCRENDERINGPOLICY' when no variable is declared
  ExtSpinWnd.cpp
C:\Projects\SCICompanion-master\Prof-UIS.2.92\Include\ExtRichContent.h(198): warning C4091: 'typedef ': ignored on left of 'CExtUxTheme::__EXT_UX_THEMESIZE' when no variable is declared
C:\Projects\SCICompanion-master\Prof-UIS.2.92\Include\ExtRichContent.h(221): warning C4091: 'typedef ': ignored on left of 'CExtUxTheme::__EXT_UX_PROPERTYORIGIN' when no variable is declared
C:\Projects\SCICompanion-master\Prof-UIS.2.92\Include\ExtRichContent.h(1362): warning C4091: 'typedef ': ignored on left of 'CExtDWM::__EXT_DWMWINDOWATTRIBUTE' when no variable is declared
C:\Projects\SCICompanion-master\Prof-UIS.2.92\Include\ExtRichContent.h(1370): warning C4091: 'typedef ': ignored on left of 'CExtDWM::__EXT_DWMNCRENDERINGPOLICY' when no variable is declared
..\Src\ExtSpinWnd.cpp(691): warning C4456: declaration of 'dwStyle' hides previous local declaration
  ..\Src\ExtSpinWnd.cpp(683): note: see declaration of 'dwStyle'
  ExtSplitterWnd.cpp
C:\Projects\SCICompanion-master\Prof-UIS.2.92\Include\ExtRichContent.h(198): warning C4091: 'typedef ': ignored on left of 'CExtUxTheme::__EXT_UX_THEMESIZE' when no variable is declared
C:\Projects\SCICompanion-master\Prof-UIS.2.92\Include\ExtRichContent.h(221): warning C4091: 'typedef ': ignored on left of 'CExtUxTheme::__EXT_UX_PROPERTYORIGIN' when no variable is declared
C:\Projects\SCICompanion-master\Prof-UIS.2.92\Include\ExtRichContent.h(1362): warning C4091: 'typedef ': ignored on left of 'CExtDWM::__EXT_DWMWINDOWATTRIBUTE' when no variable is declared
C:\Projects\SCICompanion-master\Prof-UIS.2.92\Include\ExtRichContent.h(1370): warning C4091: 'typedef ': ignored on left of 'CExtDWM::__EXT_DWMNCRENDERINGPOLICY' when no variable is declared
..\Src\ExtSplitterWnd.cpp(371): warning C4459: declaration of '_afxWndMDIFrame' hides global declaration
  C:\Program Files (x86)\Microsoft Visual Studio 14.0\VC\atlmfc\include\../src/mfc/AfxImpl.h(210): note: see declaration of '_afxWndMDIFrame'
..\Src\ExtSplitterWnd.cpp(1374): warning C4456: declaration of 'cx' hides previous local declaration
  ..\Src\ExtSplitterWnd.cpp(1307): note: see declaration of 'cx'
..\Src\ExtSplitterWnd.cpp(1404): warning C4456: declaration of 'cy' hides previous local declaration
  ..\Src\ExtSplitterWnd.cpp(1314): note: see declaration of 'cy'
..\Src\ExtSplitterWnd.cpp(1416): warning C4456: declaration of 'cx' hides previous local declaration
  ..\Src\ExtSplitterWnd.cpp(1307): note: see declaration of 'cx'
..\Src\ExtSplitterWnd.cpp(1420): warning C4456: declaration of 'cy' hides previous local declaration
  ..\Src\ExtSplitterWnd.cpp(1314): note: see declaration of 'cy'
..\Src\ExtSplitterWnd.cpp(1477): warning C4456: declaration of 'row' hides previous local declaration
  ..\Src\ExtSplitterWnd.cpp(1454): note: see declaration of 'row'
  ExtStatusControlBar.cpp
C:\Projects\SCICompanion-master\Prof-UIS.2.92\Include\ExtRichContent.h(198): warning C4091: 'typedef ': ignored on left of 'CExtUxTheme::__EXT_UX_THEMESIZE' when no variable is declared
C:\Projects\SCICompanion-master\Prof-UIS.2.92\Include\ExtRichContent.h(221): warning C4091: 'typedef ': ignored on left of 'CExtUxTheme::__EXT_UX_PROPERTYORIGIN' when no variable is declared
C:\Projects\SCICompanion-master\Prof-UIS.2.92\Include\ExtRichContent.h(1362): warning C4091: 'typedef ': ignored on left of 'CExtDWM::__EXT_DWMWINDOWATTRIBUTE' when no variable is declared
C:\Projects\SCICompanion-master\Prof-UIS.2.92\Include\ExtRichContent.h(1370): warning C4091: 'typedef ': ignored on left of 'CExtDWM::__EXT_DWMNCRENDERINGPOLICY' when no variable is declared
..\Src\ExtStatusControlBar.cpp(266): warning C4456: declaration of 'rcClient' hides previous local declaration
  ..\Src\ExtStatusControlBar.cpp(177): note: see declaration of 'rcClient'
..\Src\ExtStatusControlBar.cpp(963): warning C4456: declaration of 'rcClient' hides previous local declaration
  ..\Src\ExtStatusControlBar.cpp(936): note: see declaration of 'rcClient'
  ExtToolControlBar.cpp
C:\Projects\SCICompanion-master\Prof-UIS.2.92\Include\ExtRichContent.h(198): warning C4091: 'typedef ': ignored on left of 'CExtUxTheme::__EXT_UX_THEMESIZE' when no variable is declared
C:\Projects\SCICompanion-master\Prof-UIS.2.92\Include\ExtRichContent.h(221): warning C4091: 'typedef ': ignored on left of 'CExtUxTheme::__EXT_UX_PROPERTYORIGIN' when no variable is declared
C:\Projects\SCICompanion-master\Prof-UIS.2.92\Include\ExtRichContent.h(1362): warning C4091: 'typedef ': ignored on left of 'CExtDWM::__EXT_DWMWINDOWATTRIBUTE' when no variable is declared
C:\Projects\SCICompanion-master\Prof-UIS.2.92\Include\ExtRichContent.h(1370): warning C4091: 'typedef ': ignored on left of 'CExtDWM::__EXT_DWMNCRENDERINGPOLICY' when no variable is declared
..\Src\ExtToolControlBar.cpp(4404): warning C4456: declaration of 'pBar' hides previous local declaration
  ..\Src\ExtToolControlBar.cpp(4324): note: see declaration of 'pBar'
..\Src\ExtToolControlBar.cpp(6467): warning C4456: declaration of '_pmed' hides previous local declaration
  ..\Src\ExtToolControlBar.cpp(6399): note: see declaration of '_pmed'
..\Src\ExtToolControlBar.cpp(12863): warning C4456: declaration of 'nBtnIdx' hides previous local declaration
  ..\Src\ExtToolControlBar.cpp(12637): note: see declaration of 'nBtnIdx'
..\Src\ExtToolControlBar.cpp(12907): warning C4456: declaration of 'nBtnIdx' hides previous local declaration
  ..\Src\ExtToolControlBar.cpp(12637): note: see declaration of 'nBtnIdx'
..\Src\ExtToolControlBar.cpp(12941): warning C4456: declaration of 'nBtnIdx' hides previous local declaration
  ..\Src\ExtToolControlBar.cpp(12637): note: see declaration of 'nBtnIdx'
..\Src\ExtToolControlBar.cpp(12986): warning C4456: declaration of 'pTBB' hides previous local declaration
  ..\Src\ExtToolControlBar.cpp(12943): note: see declaration of 'pTBB'
..\Src\ExtToolControlBar.cpp(13032): warning C4456: declaration of 'pTBB' hides previous local declaration
  ..\Src\ExtToolControlBar.cpp(13016): note: see declaration of 'pTBB'
..\Src\ExtToolControlBar.cpp(13119): warning C4456: declaration of 'nRowStart' hides previous local declaration
  ..\Src\ExtToolControlBar.cpp(12924): note: see declaration of 'nRowStart'
..\Src\ExtToolControlBar.cpp(13162): warning C4456: declaration of 'pTBB' hides previous local declaration
  ..\Src\ExtToolControlBar.cpp(13122): note: see declaration of 'pTBB'
  Generating Code...
ExtProfUISAboutDialog.obj : warning LNK4221: This object file does not define any previously undefined public symbols, so it will not be used by any link operation that consumes this library
ExtControlsCommon.obj : warning LNK4221: This object file does not define any previously undefined public symbols, so it will not be used by any link operation that consumes this library
  ProfUISLIB_1000.vcxproj -> C:\Projects\SCICompanion-master\Prof-UIS.2.92\ProfUISLIB\..\Bin_1000\ProfUIS292sm.lib
