c:\projects\scicompanionx\prof-uis.2.92\bin_1000\staticmbcsrelease\profuislib\profuislib_1000.pch
c:\projects\scicompanionx\prof-uis.2.92\bin_1000\staticmbcsrelease\profuislib\profuislib.pdb
c:\projects\scicompanionx\prof-uis.2.92\bin_1000\staticmbcsrelease\profuislib\stdafx.obj
c:\projects\scicompanionx\prof-uis.2.92\bin_1000\staticmbcsrelease\profuislib\extminidockframewnd.obj
c:\projects\scicompanionx\prof-uis.2.92\bin_1000\staticmbcsrelease\profuislib\extmenucontrolbar.obj
c:\projects\scicompanionx\prof-uis.2.92\bin_1000\staticmbcsrelease\profuislib\extmdiwindowslistdlg.obj
c:\projects\scicompanionx\prof-uis.2.92\bin_1000\staticmbcsrelease\profuislib\extlabel.obj
c:\projects\scicompanionx\prof-uis.2.92\bin_1000\staticmbcsrelease\profuislib\exthook.obj
c:\projects\scicompanionx\prof-uis.2.92\bin_1000\staticmbcsrelease\profuislib\extgroupbox.obj
c:\projects\scicompanionx\prof-uis.2.92\bin_1000\staticmbcsrelease\profuislib\extedit.obj
c:\projects\scicompanionx\prof-uis.2.92\bin_1000\staticmbcsrelease\profuislib\extdockbar.obj
c:\projects\scicompanionx\prof-uis.2.92\bin_1000\staticmbcsrelease\profuislib\extcontrolscommon.obj
c:\projects\scicompanionx\prof-uis.2.92\bin_1000\staticmbcsrelease\profuislib\extcontrols.obj
c:\projects\scicompanionx\prof-uis.2.92\bin_1000\staticmbcsrelease\profuislib\extcontrolbar.obj
c:\projects\scicompanionx\prof-uis.2.92\bin_1000\staticmbcsrelease\profuislib\extcontentexpandwnd.obj
c:\projects\scicompanionx\prof-uis.2.92\bin_1000\staticmbcsrelease\profuislib\extcombobox.obj
c:\projects\scicompanionx\prof-uis.2.92\bin_1000\staticmbcsrelease\profuislib\extcolordlg.obj
c:\projects\scicompanionx\prof-uis.2.92\bin_1000\staticmbcsrelease\profuislib\extcolorctrl.obj
c:\projects\scicompanionx\prof-uis.2.92\bin_1000\staticmbcsrelease\profuislib\extcmdmanager.obj
c:\projects\scicompanionx\prof-uis.2.92\bin_1000\staticmbcsrelease\profuislib\extcmdicon.obj
c:\projects\scicompanionx\prof-uis.2.92\bin_1000\staticmbcsrelease\profuislib\extchecklistwnd.obj
c:\projects\scicompanionx\prof-uis.2.92\bin_1000\staticmbcsrelease\profuislib\extbutton.obj
c:\projects\scicompanionx\prof-uis.2.92\bin_1000\staticmbcsrelease\profuislib\extbtnonflat.obj
c:\projects\scicompanionx\prof-uis.2.92\bin_1000\staticmbcsrelease\profuislib\exttoolcontrolbar.obj
c:\projects\scicompanionx\prof-uis.2.92\bin_1000\staticmbcsrelease\profuislib\extstatuscontrolbar.obj
c:\projects\scicompanionx\prof-uis.2.92\bin_1000\staticmbcsrelease\profuislib\extsplitterwnd.obj
c:\projects\scicompanionx\prof-uis.2.92\bin_1000\staticmbcsrelease\profuislib\extspinwnd.obj
c:\projects\scicompanionx\prof-uis.2.92\bin_1000\staticmbcsrelease\profuislib\extsliderwnd.obj
c:\projects\scicompanionx\prof-uis.2.92\bin_1000\staticmbcsrelease\profuislib\extscrollwnd.obj
c:\projects\scicompanionx\prof-uis.2.92\bin_1000\staticmbcsrelease\profuislib\extrichcontent.obj
c:\projects\scicompanionx\prof-uis.2.92\bin_1000\staticmbcsrelease\profuislib\extresizabledialog.obj
c:\projects\scicompanionx\prof-uis.2.92\bin_1000\staticmbcsrelease\profuislib\extprogresswnd.obj
c:\projects\scicompanionx\prof-uis.2.92\bin_1000\staticmbcsrelease\profuislib\extprofuisaboutdialog.obj
c:\projects\scicompanionx\prof-uis.2.92\bin_1000\staticmbcsrelease\profuislib\extpopupmenuwnd.obj
c:\projects\scicompanionx\prof-uis.2.92\bin_1000\staticmbcsrelease\profuislib\extpaintmanager2.obj
c:\projects\scicompanionx\prof-uis.2.92\bin_1000\staticmbcsrelease\profuislib\extpaintmanager.obj
c:\projects\scicompanionx\prof-uis.2.92\bin_1000\staticmbcsrelease\profuislib\extncframe.obj
c:\projects\scicompanionx\prof-uis.2.92\bin_1000\staticmbcsrelease\profuislib\extmousecapturesink.obj
c:\projects\scicompanionx\prof-uis.2.92\bin_1000\profuis292sm.lib
c:\projects\scicompanionx\prof-uis.2.92\profuislib\..\bin_1000\profuis292sm.lib
c:\projects\scicompanionx\prof-uis.2.92\bin_1000\staticmbcsrelease\profuislib\profuislib.tlog\cl.command.1.tlog
c:\projects\scicompanionx\prof-uis.2.92\bin_1000\staticmbcsrelease\profuislib\profuislib.tlog\cl.read.1.tlog
c:\projects\scicompanionx\prof-uis.2.92\bin_1000\staticmbcsrelease\profuislib\profuislib.tlog\cl.write.1.tlog
c:\projects\scicompanionx\prof-uis.2.92\bin_1000\staticmbcsrelease\profuislib\profuislib.tlog\lib-link.read.1.tlog
c:\projects\scicompanionx\prof-uis.2.92\bin_1000\staticmbcsrelease\profuislib\profuislib.tlog\lib-link.write.1.tlog
c:\projects\scicompanionx\prof-uis.2.92\bin_1000\staticmbcsrelease\profuislib\profuislib.tlog\lib.command.1.tlog
