c:\projects\scicompanion-master\scicompanion\debug\scicompanion.pch
c:\projects\scicompanion-master\scicompanion\debug\vc140.pdb
c:\projects\scicompanion-master\scicompanion\debug\vc140.idb
c:\projects\scicompanion-master\scicompanion\debug\stdafx.obj
c:\projects\scicompanion-master\scicompanion\debug\scicompanion.obj
c:\projects\scicompanion-master\debug\scicompanion.ilk
c:\projects\scicompanion-master\debug\scicompanion.exe
c:\projects\scicompanion-master\debug\scicompanion.pdb
c:\projects\scicompanion-master\scicompanion\debug\scicompanion.res
c:\projects\scicompanion-master\scicompanion\debug\scicompanion.exe.embed.manifest.res
c:\projects\scicompanion-master\debug\scicompanion.lib
c:\projects\scicompanion-master\debug\scicompanion.exp
c:\projects\scicompanion-master\scicompanion\debug\scicompanion.vcxprojassemblyreference.cache
c:\projects\scicompanion-master\scicompanion\debug\scicompanion.exe.embed.manifest
c:\projects\scicompanion-master\scicompanion\debug\scicompanion_manifest.rc
c:\projects\scicompanion-master\scicompanion\debug\scicompanion.tlog\cl.command.1.tlog
c:\projects\scicompanion-master\scicompanion\debug\scicompanion.tlog\cl.read.1.tlog
c:\projects\scicompanion-master\scicompanion\debug\scicompanion.tlog\cl.write.1.tlog
c:\projects\scicompanion-master\scicompanion\debug\scicompanion.tlog\link.command.1.tlog
c:\projects\scicompanion-master\scicompanion\debug\scicompanion.tlog\link.read.1.tlog
c:\projects\scicompanion-master\scicompanion\debug\scicompanion.tlog\link.write.1.tlog
c:\projects\scicompanion-master\scicompanion\debug\scicompanion.tlog\rc.command.1.tlog
c:\projects\scicompanion-master\scicompanion\debug\scicompanion.tlog\rc.read.1.tlog
c:\projects\scicompanion-master\scicompanion\debug\scicompanion.tlog\rc.write.1.tlog
c:\projects\scicompanion-master\scicompanion\debug\scicompanion.tlog\scicompanion.write.1u.tlog
