c:\users\rxcam\documents\ghub\scicompanionx\scicompanionlib\debug\scicompanionlib.pch
c:\users\rxcam\documents\ghub\scicompanionx\scicompanionlib\debug\scicompanionlib.pdb
c:\users\rxcam\documents\ghub\scicompanionx\scicompanionlib\debug\scicompanionlib.idb
c:\users\rxcam\documents\ghub\scicompanionx\scicompanionlib\debug\stdafx.obj
c:\users\rxcam\documents\ghub\scicompanionx\scicompanionlib\debug\resourcemap.obj
c:\users\rxcam\documents\ghub\scicompanionx\scicompanionlib\debug\resourcerecency.obj
c:\users\rxcam\documents\ghub\scicompanionx\scicompanionlib\debug\vocab000.obj
c:\users\rxcam\documents\ghub\scicompanionx\scicompanionlib\debug\vocab99x.obj
c:\users\rxcam\documents\ghub\scicompanionx\scicompanionlib\debug\appstate.obj
c:\users\rxcam\documents\ghub\scicompanionx\scicompanionlib\debug\classbrowser.obj
c:\users\rxcam\documents\ghub\scicompanionx\scicompanionlib\debug\classbrowserinfo.obj
c:\users\rxcam\documents\ghub\scicompanionx\scicompanionlib\debug\codeautocomplete.obj
c:\users\rxcam\documents\ghub\scicompanionx\scicompanionlib\debug\codec.obj
c:\users\rxcam\documents\ghub\scicompanionx\scicompanionlib\debug\crystalscriptstream.obj
c:\users\rxcam\documents\ghub\scicompanionx\scicompanionlib\debug\drawhelper.obj
c:\users\rxcam\documents\ghub\scicompanionx\scicompanionlib\debug\stream.obj
c:\users\rxcam\documents\ghub\scicompanionx\scicompanionlib\debug\talkertoviewmap.obj
c:\users\rxcam\documents\ghub\scicompanionx\scicompanionlib\debug\task.obj
c:\users\rxcam\documents\ghub\scicompanionx\scicompanionlib\debug\tokendatabase.obj
c:\users\rxcam\documents\ghub\scicompanionx\scicompanionlib\debug\version.obj
c:\users\rxcam\documents\ghub\scicompanionx\scicompanionlib\debug\vgadither.obj
c:\users\rxcam\documents\ghub\scicompanionx\scicompanionlib\debug\wordenumstring.obj
c:\users\rxcam\documents\ghub\scicompanionx\scicompanionlib\debug\text.obj
c:\users\rxcam\documents\ghub\scicompanionx\scicompanionlib\debug\fontpreviewview.obj
c:\users\rxcam\documents\ghub\scicompanionx\scicompanionlib\debug\picview.obj
c:\users\rxcam\documents\ghub\scicompanionx\scicompanionlib\debug\rasterresourcelistview.obj
c:\users\rxcam\documents\ghub\scicompanionx\scicompanionlib\debug\rasterview.obj
c:\users\rxcam\documents\ghub\scicompanionx\scicompanionlib\debug\gameexplorerview.obj
c:\users\rxcam\documents\ghub\scicompanionx\scicompanionlib\debug\roomexplorerview.obj
c:\users\rxcam\documents\ghub\scicompanionx\scicompanionlib\debug\scriptview.obj
c:\users\rxcam\documents\ghub\scicompanionx\scicompanionlib\debug\soundview.obj
c:\users\rxcam\documents\ghub\scicompanionx\scicompanionlib\debug\textview.obj
c:\users\rxcam\documents\ghub\scicompanionx\scicompanionlib\debug\vocabview.obj
c:\users\rxcam\documents\ghub\scicompanionx\scicompanionlib\debug\components.obj
c:\users\rxcam\documents\ghub\scicompanionx\scicompanionlib\debug\cursor.obj
c:\users\rxcam\documents\ghub\scicompanionx\scicompanionlib\debug\fontoperations.obj
c:\users\rxcam\documents\ghub\scicompanionx\scicompanionlib\debug\piccommands.obj
c:\users\rxcam\documents\ghub\scicompanionx\scicompanionlib\debug\picdrawmanager.obj
c:\users\rxcam\documents\ghub\scicompanionx\scicompanionlib\debug\rasteroperations.obj
c:\users\rxcam\documents\ghub\scicompanionx\scicompanionlib\debug\resourceutil.obj
c:\users\rxcam\documents\ghub\scicompanionx\scicompanionlib\debug\resourcecontainer.obj
c:\users\rxcam\documents\ghub\scicompanionx\scicompanionlib\debug\resourceblob.obj
c:\users\rxcam\documents\ghub\scicompanionx\scicompanionlib\debug\resourceentity.obj
c:\users\rxcam\documents\ghub\scicompanionx\scicompanionlib\debug\picdoc.obj
c:\users\rxcam\documents\ghub\scicompanionx\scicompanionlib\debug\resourcedocument.obj
c:\users\rxcam\documents\ghub\scicompanionx\scicompanionlib\debug\resourcelistdoc.obj
c:\users\rxcam\documents\ghub\scicompanionx\scicompanionlib\debug\roomexplorerdoc.obj
c:\users\rxcam\documents\ghub\scicompanionx\scicompanionlib\debug\scriptdocument.obj
c:\users\rxcam\documents\ghub\scicompanionx\scicompanionlib\debug\sounddoc.obj
c:\users\rxcam\documents\ghub\scicompanionx\scicompanionlib\debug\textdoc.obj
c:\users\rxcam\documents\ghub\scicompanionx\scicompanionlib\debug\vocabdoc.obj
c:\users\rxcam\documents\ghub\scicompanionx\scicompanionlib\debug\cursorchildframe.obj
c:\users\rxcam\documents\ghub\scicompanionx\scicompanionlib\debug\fontchildframe.obj
c:\users\rxcam\documents\ghub\scicompanionx\scicompanionlib\debug\mditabchildwnd.obj
c:\users\rxcam\documents\ghub\scicompanionx\scicompanionlib\debug\picchildframe.obj
c:\users\rxcam\documents\ghub\scicompanionx\scicompanionlib\debug\gameexplorerframe.obj
c:\users\rxcam\documents\ghub\scicompanionx\scicompanionlib\debug\roomexplorerframe.obj
c:\users\rxcam\documents\ghub\scicompanionx\scicompanionlib\debug\scriptframe.obj
c:\users\rxcam\documents\ghub\scicompanionx\scicompanionlib\debug\soundchildframe.obj
c:\users\rxcam\documents\ghub\scicompanionx\scicompanionlib\debug\textchildframe.obj
c:\users\rxcam\documents\ghub\scicompanionx\scicompanionlib\debug\viewchildframe.obj
c:\users\rxcam\documents\ghub\scicompanionx\scicompanionlib\debug\vocabchildframe.obj
c:\users\rxcam\documents\ghub\scicompanionx\scicompanionlib\debug\colorbutton.obj
c:\users\rxcam\documents\ghub\scicompanionx\scicompanionlib\debug\coloredtooltip.obj
c:\users\rxcam\documents\ghub\scicompanionx\scicompanionlib\debug\extcontrolbarnox.obj
c:\users\rxcam\documents\ghub\scicompanionx\scicompanionlib\debug\extdialogfwdcmd.obj
c:\users\rxcam\documents\ghub\scicompanionx\scicompanionlib\debug\intellisenselistbox.obj
c:\users\rxcam\documents\ghub\scicompanionx\scicompanionlib\debug\mditabsdialogbar.obj
c:\users\rxcam\documents\ghub\scicompanionx\scicompanionlib\debug\noflickerstatic.obj
c:\users\rxcam\documents\ghub\scicompanionx\scicompanionlib\debug\piccommandsidepane.obj
c:\users\rxcam\documents\ghub\scicompanionx\scicompanionlib\debug\quickscripts.obj
c:\users\rxcam\documents\ghub\scicompanionx\scicompanionlib\debug\rastersidepane.obj
c:\users\rxcam\documents\ghub\scicompanionx\scicompanionlib\debug\resourcelistview.obj
c:\users\rxcam\documents\ghub\scicompanionx\scicompanionlib\debug\resourcepiclistview.obj
c:\users\rxcam\documents\ghub\scicompanionx\scicompanionlib\debug\resourcepreviewer.obj
c:\users\rxcam\documents\ghub\scicompanionx\scicompanionlib\debug\scriptcombobox.obj
c:\users\rxcam\documents\ghub\scicompanionx\scicompanionlib\debug\sliderdialogbar.obj
c:\users\rxcam\documents\ghub\scicompanionx\scicompanionlib\debug\soundtoolboxsidepane.obj
c:\users\rxcam\documents\ghub\scicompanionx\scicompanionlib\debug\viewcelchooser.obj
c:\users\rxcam\documents\ghub\scicompanionx\scicompanionlib\debug\vpcdialogbar.obj
c:\users\rxcam\documents\ghub\scicompanionx\scicompanionlib\debug\newrasterresourcedocument.obj
c:\users\rxcam\documents\ghub\scicompanionx\scicompanionlib\debug\nonviewhostdocument.obj
c:\users\rxcam\documents\ghub\scicompanionx\scicompanionlib\debug\gamepropertiesdialog.obj
c:\users\rxcam\documents\ghub\scicompanionx\scicompanionlib\debug\gotodialog.obj
c:\users\rxcam\documents\ghub\scicompanionx\scicompanionlib\debug\insertobject.obj
c:\users\rxcam\documents\ghub\scicompanionx\scicompanionlib\debug\newgamedialog.obj
c:\users\rxcam\documents\ghub\scicompanionx\scicompanionlib\debug\newroomdialog.obj
c:\users\rxcam\documents\ghub\scicompanionx\scicompanionlib\debug\newscriptdialog.obj
c:\users\rxcam\documents\ghub\scicompanionx\scicompanionlib\debug\palettedefinitiondialog.obj
c:\users\rxcam\documents\ghub\scicompanionx\scicompanionlib\debug\preferencesdialog.obj
c:\users\rxcam\documents\ghub\scicompanionx\scicompanionlib\debug\removescriptdialog.obj
c:\users\rxcam\documents\ghub\scicompanionx\scicompanionlib\debug\samplesdialogbar.obj
c:\users\rxcam\documents\ghub\scicompanionx\scicompanionlib\debug\saveresourcedialog.obj
c:\users\rxcam\documents\ghub\scicompanionx\scicompanionlib\debug\scifontdialog.obj
c:\users\rxcam\documents\ghub\scicompanionx\scicompanionlib\debug\scipropertyctrl.obj
c:\users\rxcam\documents\ghub\scicompanionx\scicompanionlib\debug\scipropertyinfo.obj
c:\users\rxcam\documents\ghub\scicompanionx\scicompanionlib\debug\sciprops.obj
c:\users\rxcam\documents\ghub\scicompanionx\scicompanionlib\debug\visualscriptdialog.obj
c:\users\rxcam\documents\ghub\scicompanionx\scicompanionlib\debug\vocabautocompletedialog.obj
c:\users\rxcam\documents\ghub\scicompanionx\scicompanionlib\debug\choosecolorstatic.obj
c:\users\rxcam\documents\ghub\scicompanionx\scicompanionlib\debug\codetooltips.obj
c:\users\rxcam\documents\ghub\scicompanionx\scicompanionlib\debug\format.obj
c:\users\rxcam\documents\ghub\scicompanionx\scicompanionlib\debug\crc.obj
c:\users\rxcam\documents\ghub\scicompanionx\scicompanionlib\debug\ccrystaleditview.obj
c:\users\rxcam\documents\ghub\scicompanionx\scicompanionlib\debug\ccrystaltextbuffer.obj
c:\users\rxcam\documents\ghub\scicompanionx\scicompanionlib\debug\ccrystaltextview.obj
c:\users\rxcam\documents\ghub\scicompanionx\scicompanionlib\debug\ccrystaltextview2.obj
c:\users\rxcam\documents\ghub\scicompanionx\scicompanionlib\debug\ceditreplacedlg.obj
c:\users\rxcam\documents\ghub\scicompanionx\scicompanionlib\debug\cfindtextdlg.obj
c:\users\rxcam\documents\ghub\scicompanionx\scicompanionlib\debug\animatedialog.obj
c:\users\rxcam\documents\ghub\scicompanionx\scicompanionlib\debug\barcontainerdialog.obj
c:\users\rxcam\documents\ghub\scicompanionx\scicompanionlib\debug\basecolordialog.obj
c:\users\rxcam\documents\ghub\scicompanionx\scicompanionlib\debug\bitmaptopicdialog.obj
c:\users\rxcam\documents\ghub\scicompanionx\scicompanionlib\debug\choosecoloradvanceddialog.obj
c:\users\rxcam\documents\ghub\scicompanionx\scicompanionlib\debug\choosecolordialog.obj
c:\users\rxcam\documents\ghub\scicompanionx\scicompanionlib\debug\choosepenstyledialog.obj
c:\users\rxcam\documents\ghub\scicompanionx\scicompanionlib\debug\choosepricondialog.obj
c:\users\rxcam\documents\ghub\scicompanionx\scicompanionlib\debug\classbrowserdialog.obj
c:\users\rxcam\documents\ghub\scicompanionx\scicompanionlib\debug\dontshowagaindialog.obj
c:\users\rxcam\documents\ghub\scicompanionx\scicompanionlib\debug\findalldialog.obj
c:\users\rxcam\documents\ghub\scicompanionx\scicompanionlib\debug\findworddialog.obj
c:\users\rxcam\documents\ghub\scicompanionx\scicompanionlib\debug\phonememap.obj
c:\users\rxcam\documents\ghub\scicompanionx\scicompanionlib\debug\postbuildthread.obj
c:\users\rxcam\documents\ghub\scicompanionx\scicompanionlib\debug\rgboctree.obj
c:\users\rxcam\documents\ghub\scicompanionx\scicompanionlib\debug\runlogic.obj
c:\users\rxcam\documents\ghub\scicompanionx\scicompanionlib\debug\soundutil.obj
c:\users\rxcam\documents\ghub\scicompanionx\scicompanionlib\debug\compile.obj
c:\users\rxcam\documents\ghub\scicompanionx\scicompanionlib\debug\compilecontext.obj
c:\users\rxcam\documents\ghub\scicompanionx\scicompanionlib\debug\compiledscript.obj
c:\users\rxcam\documents\ghub\scicompanionx\scicompanionlib\debug\decompilercore.obj
c:\users\rxcam\documents\ghub\scicompanionx\scicompanionlib\debug\parsercommon.obj
c:\users\rxcam\documents\ghub\scicompanionx\scicompanionlib\debug\pmachine.obj
c:\users\rxcam\documents\ghub\scicompanionx\scicompanionlib\debug\studiosyntaxparser.obj
c:\users\rxcam\documents\ghub\scicompanionx\scicompanionlib\debug\sco.obj
c:\users\rxcam\documents\ghub\scicompanionx\scicompanionlib\debug\sourcecodeformatter.obj
c:\users\rxcam\documents\ghub\scicompanionx\scicompanionlib\debug\scriptom.obj
c:\users\rxcam\documents\ghub\scicompanionx\scicompanionlib\debug\scriptomtraverse.obj
c:\users\rxcam\documents\ghub\scicompanionx\scicompanionlib\debug\syntaxparser.obj
c:\users\rxcam\documents\ghub\scicompanionx\scicompanionlib\debug\types.obj
c:\users\rxcam\documents\ghub\scicompanionx\scicompanionlib\debug\audioprocessing.obj
c:\users\rxcam\documents\ghub\scicompanionx\scicompanionlib\debug\audiorecording.obj
c:\users\rxcam\documents\ghub\scicompanionx\scicompanionlib\debug\clipboardutil.obj
c:\users\rxcam\documents\ghub\scicompanionx\scicompanionlib\debug\codecalt.obj
c:\users\rxcam\documents\ghub\scicompanionx\scicompanionlib\debug\sound.obj
c:\users\rxcam\documents\ghub\scicompanionx\scicompanionlib\debug\scicompanionlib.obj
c:\users\rxcam\documents\ghub\scicompanionx\scicompanionlib\debug\picoperations.obj
c:\users\rxcam\documents\ghub\scicompanionx\scicompanionlib\debug\codecdcl-freesci.obj
c:\users\rxcam\documents\ghub\scicompanionx\scicompanionlib\debug\codecdcl.obj
c:\users\rxcam\documents\ghub\scicompanionx\scicompanionlib\debug\codecdecompressor.obj
c:\users\rxcam\documents\ghub\scicompanionx\scicompanionlib\debug\codecstac.obj
c:\users\rxcam\documents\ghub\scicompanionx\scicompanionlib\debug\colorquantization.obj
c:\users\rxcam\documents\ghub\scicompanionx\scicompanionlib\debug\custommessagebox.obj
c:\users\rxcam\documents\ghub\scicompanionx\scicompanionlib\debug\debuggerthread.obj
c:\users\rxcam\documents\ghub\scicompanionx\scicompanionlib\debug\dependencytracker.obj
c:\users\rxcam\documents\ghub\scicompanionx\scicompanionlib\debug\extractall.obj
c:\users\rxcam\documents\ghub\scicompanionx\scicompanionlib\debug\imageutil.obj
c:\users\rxcam\documents\ghub\scicompanionx\scicompanionlib\debug\lipsyncutil.obj
c:\users\rxcam\documents\ghub\scicompanionx\scicompanionlib\debug\midiplayer.obj
c:\users\rxcam\documents\ghub\scicompanionx\scicompanionlib\debug\perftimer.obj
c:\users\rxcam\documents\ghub\scicompanionx\scicompanionlib\debug\palettedoc.obj
c:\users\rxcam\documents\ghub\scicompanionx\scicompanionlib\debug\messagechildframe.obj
c:\users\rxcam\documents\ghub\scicompanionx\scicompanionlib\debug\palettechildframe.obj
c:\users\rxcam\documents\ghub\scicompanionx\scicompanionlib\debug\messageview.obj
c:\users\rxcam\documents\ghub\scicompanionx\scicompanionlib\debug\paletteview.obj
c:\users\rxcam\documents\ghub\scicompanionx\scicompanionlib\debug\audio.obj
c:\users\rxcam\documents\ghub\scicompanionx\scicompanionlib\debug\font.obj
c:\users\rxcam\documents\ghub\scicompanionx\scicompanionlib\debug\audiomap.obj
c:\users\rxcam\documents\ghub\scicompanionx\scicompanionlib\debug\gamefolderhelper.obj
c:\users\rxcam\documents\ghub\scicompanionx\scicompanionlib\debug\pic.obj
c:\users\rxcam\documents\ghub\scicompanionx\scicompanionlib\debug\resourcemapoperations.obj
c:\users\rxcam\documents\ghub\scicompanionx\scicompanionlib\debug\resourcesources.obj
c:\users\rxcam\documents\ghub\scicompanionx\scicompanionlib\debug\message.obj
c:\users\rxcam\documents\ghub\scicompanionx\scicompanionlib\debug\gameversiondialog.obj
c:\users\rxcam\documents\ghub\scicompanionx\scicompanionlib\debug\paletteoperations.obj
c:\users\rxcam\documents\ghub\scicompanionx\scicompanionlib\debug\soundoperations.obj
c:\users\rxcam\documents\ghub\scicompanionx\scicompanionlib\debug\sync.obj
c:\users\rxcam\documents\ghub\scicompanionx\scicompanionlib\debug\versiondetectionhelper.obj
c:\users\rxcam\documents\ghub\scicompanionx\scicompanionlib\debug\view.obj
c:\users\rxcam\documents\ghub\scicompanionx\scicompanionlib\debug\audioplayback.obj
c:\users\rxcam\documents\ghub\scicompanionx\scicompanionlib\debug\viewuielement.obj
c:\users\rxcam\documents\ghub\scicompanionx\scicompanionlib\debug\egif_lib.obj
c:\users\rxcam\documents\ghub\scicompanionx\scicompanionlib\debug\phone_estimate.obj
c:\users\rxcam\documents\ghub\scicompanionx\scicompanionlib\debug\sapi_lipsync.obj
c:\users\rxcam\documents\ghub\scicompanionx\scicompanionlib\debug\sapi_util.obj
c:\users\rxcam\documents\ghub\scicompanionx\scicompanionlib\debug\documentwithpalettechoices.obj
c:\users\rxcam\documents\ghub\scicompanionx\scicompanionlib\debug\r8bbase.obj
c:\users\rxcam\documents\ghub\scicompanionx\scicompanionlib\debug\audionegative.obj
c:\users\rxcam\documents\ghub\scicompanionx\scicompanionlib\debug\audioresourcesource.obj
c:\users\rxcam\documents\ghub\scicompanionx\scicompanionlib\debug\nounsandcases.obj
c:\users\rxcam\documents\ghub\scicompanionx\scicompanionlib\debug\patchresourcesource.obj
c:\users\rxcam\documents\ghub\scicompanionx\scicompanionlib\debug\polygon.obj
c:\users\rxcam\documents\ghub\scicompanionx\scicompanionlib\debug\viewcellistbox.obj
c:\users\rxcam\documents\ghub\scicompanionx\scicompanionlib\debug\zoomcelstatic.obj
c:\users\rxcam\documents\ghub\scicompanionx\scicompanionlib\debug\dgif_lib.obj
c:\users\rxcam\documents\ghub\scicompanionx\scicompanionlib\debug\gifalloc.obj
c:\users\rxcam\documents\ghub\scicompanionx\scicompanionlib\debug\gif_err.obj
c:\users\rxcam\documents\ghub\scicompanionx\scicompanionlib\debug\gif_hash.obj
c:\users\rxcam\documents\ghub\scicompanionx\scicompanionlib\debug\messagedoc.obj
c:\users\rxcam\documents\ghub\scicompanionx\scicompanionlib\debug\picdimensionsdialog.obj
c:\users\rxcam\documents\ghub\scicompanionx\scicompanionlib\debug\preparebitmapbase.obj
c:\users\rxcam\documents\ghub\scicompanionx\scicompanionlib\debug\rotatearbitrarydialog.obj
c:\users\rxcam\documents\ghub\scicompanionx\scicompanionlib\debug\tooltipdialog.obj
c:\users\rxcam\documents\ghub\scicompanionx\scicompanionlib\debug\docscript.obj
c:\users\rxcam\documents\ghub\scicompanionx\scicompanionlib\debug\audioprocessingsettingsui.obj
c:\users\rxcam\documents\ghub\scicompanionx\scicompanionlib\debug\audiowaveformui.obj
c:\users\rxcam\documents\ghub\scicompanionx\scicompanionlib\debug\exttabcontrol.obj
c:\users\rxcam\documents\ghub\scicompanionx\scicompanionlib\debug\levelmeter.obj
c:\users\rxcam\documents\ghub\scicompanionx\scicompanionlib\debug\messageeditorlistctrl.obj
c:\users\rxcam\documents\ghub\scicompanionx\scicompanionlib\debug\messageeditpane.obj
c:\users\rxcam\documents\ghub\scicompanionx\scicompanionlib\debug\messageheaderfile.obj
c:\users\rxcam\documents\ghub\scicompanionx\scicompanionlib\debug\messagenounconditionpane.obj
c:\users\rxcam\documents\ghub\scicompanionx\scicompanionlib\debug\messagesidepane.obj
c:\users\rxcam\documents\ghub\scicompanionx\scicompanionlib\debug\messagesource.obj
c:\users\rxcam\documents\ghub\scicompanionx\scicompanionlib\debug\newoutputpane.obj
c:\users\rxcam\documents\ghub\scicompanionx\scicompanionlib\debug\phonemeeditor.obj
c:\users\rxcam\documents\ghub\scicompanionx\scicompanionlib\debug\pichelperpane.obj
c:\users\rxcam\documents\ghub\scicompanionx\scicompanionlib\debug\sounduiutil.obj
c:\users\rxcam\documents\ghub\scicompanionx\scicompanionlib\debug\tarjanalgorithm.obj
c:\users\rxcam\documents\ghub\scicompanionx\scicompanionlib\debug\validatesaid.obj
c:\users\rxcam\documents\ghub\scicompanionx\scicompanionlib\debug\audioeditdialog.obj
c:\users\rxcam\documents\ghub\scicompanionx\scicompanionlib\debug\audiopreferencesdialog.obj
c:\users\rxcam\documents\ghub\scicompanionx\scicompanionlib\debug\bitmaptovgadialog.obj
c:\users\rxcam\documents\ghub\scicompanionx\scicompanionlib\debug\choosecolordialogvga.obj
c:\users\rxcam\documents\ghub\scicompanionx\scicompanionlib\debug\choosetalkerviewloopdialog.obj
c:\users\rxcam\documents\ghub\scicompanionx\scicompanionlib\debug\coloradjustdialog.obj
c:\users\rxcam\documents\ghub\scicompanionx\scicompanionlib\debug\colorshifterdialog.obj
c:\users\rxcam\documents\ghub\scicompanionx\scicompanionlib\debug\convertfromtopalettedialog.obj
c:\users\rxcam\documents\ghub\scicompanionx\scicompanionlib\debug\decompiledialog.obj
c:\users\rxcam\documents\ghub\scicompanionx\scicompanionlib\debug\editceldatadialog.obj
c:\users\rxcam\documents\ghub\scicompanionx\scicompanionlib\debug\extractalldialog.obj
c:\users\rxcam\documents\ghub\scicompanionx\scicompanionlib\debug\extractlipsyncdialog.obj
c:\users\rxcam\documents\ghub\scicompanionx\scicompanionlib\debug\generatedocsdialog.obj
c:\users\rxcam\documents\ghub\scicompanionx\scicompanionlib\debug\gradientdialog.obj
c:\users\rxcam\documents\ghub\scicompanionx\scicompanionlib\debug\onionskinsettingsdialog.obj
c:\users\rxcam\documents\ghub\scicompanionx\scicompanionlib\debug\paletteeditordialog.obj
c:\users\rxcam\documents\ghub\scicompanionx\scicompanionlib\debug\phonemedialog.obj
c:\users\rxcam\documents\ghub\scicompanionx\scicompanionlib\debug\controlflowgraphviz.obj
c:\users\rxcam\documents\ghub\scicompanionx\scicompanionlib\debug\decompilerfallback.obj
c:\users\rxcam\documents\ghub\scicompanionx\scicompanionlib\debug\decompilernew.obj
c:\users\rxcam\documents\ghub\scicompanionx\scicompanionlib\debug\decompilerspecialcases.obj
c:\users\rxcam\documents\ghub\scicompanionx\scicompanionlib\debug\decompilescript.obj
c:\users\rxcam\documents\ghub\scicompanionx\scicompanionlib\debug\disassemblehelper.obj
c:\users\rxcam\documents\ghub\scicompanionx\scicompanionlib\debug\disassembler.obj
c:\users\rxcam\documents\ghub\scicompanionx\scicompanionlib\debug\controlflowgraph.obj
c:\users\rxcam\documents\ghub\scicompanionx\scicompanionlib\debug\evaluate.obj
c:\users\rxcam\documents\ghub\scicompanionx\scicompanionlib\debug\generatescriptresource.obj
c:\users\rxcam\documents\ghub\scicompanionx\scicompanionlib\debug\decompilerconfig.obj
c:\users\rxcam\documents\ghub\scicompanionx\scicompanionlib\debug\operatortables.obj
c:\users\rxcam\documents\ghub\scicompanionx\scicompanionlib\debug\outputcodehelper.obj
c:\users\rxcam\documents\ghub\scicompanionx\scicompanionlib\debug\outputscriptstrings.obj
c:\users\rxcam\documents\ghub\scicompanionx\scicompanionlib\debug\parseautocompletecontext.obj
c:\users\rxcam\documents\ghub\scicompanionx\scicompanionlib\debug\scisourcecodeformatter.obj
c:\users\rxcam\documents\ghub\scicompanionx\scicompanionlib\debug\studiosourcecodeformatter.obj
c:\users\rxcam\documents\ghub\scicompanionx\scicompanionlib\debug\scisyntaxparser.obj
c:\users\rxcam\documents\ghub\scicompanionx\scicompanionlib\debug\scriptmakerhelper.obj
c:\users\rxcam\documents\ghub\scicompanionx\scicompanionlib\debug\summarizescript.obj
c:\users\rxcam\documents\ghub\scicompanionx\scicompanionlib\debug\autodetectvariablenames.obj
c:\users\rxcam\documents\ghub\scicompanionx\scicompanionlib\debug\controlflownode.obj
c:\users\rxcam\documents\ghub\scicompanionx\scicompanionlib\debug\util.obj
c:\users\rxcam\documents\ghub\scicompanionx\scicompanionlib\debug\mainfrm.obj
c:\users\rxcam\documents\ghub\scicompanionx\scicompanionlib\debug\newcompiledialog.obj
c:\users\rxcam\documents\ghub\scicompanionx\scicompanionlib\debug\scriptconvert.obj
c:\users\rxcam\documents\ghub\scicompanionx\scicompanionlib\debug\audiocacheresourcesource.obj
c:\users\rxcam\documents\ghub\scicompanionx\scicompanionlib\debug\outputrst.obj
c:\users\rxcam\documents\ghub\scicompanionx\scicompanionlib\debug\picclipsdialog.obj
c:\users\rxcam\documents\ghub\scicompanionx\scicompanionlib\debug\scii.obj
c:\users\rxcam\documents\ghub\scicompanionx\debug\scicompanionlib.lib
c:\users\rxcam\documents\ghub\scicompanionx\scicompanionlib\scicompanionlib.res
c:\users\rxcam\documents\ghub\scicompanionx\scicompanionlib\src\crystaledit\editres.res
c:\users\rxcam\documents\ghub\scicompanionx\debug\scicompanionlib.pdb
c:\users\rxcam\documents\ghub\scicompanionx\scicompanionlib\debug\scicompanionlib.tlog\cl.command.1.tlog
c:\users\rxcam\documents\ghub\scicompanionx\scicompanionlib\debug\scicompanionlib.tlog\cl.read.1.tlog
c:\users\rxcam\documents\ghub\scicompanionx\scicompanionlib\debug\scicompanionlib.tlog\cl.write.1.tlog
c:\users\rxcam\documents\ghub\scicompanionx\scicompanionlib\debug\scicompanionlib.tlog\lib-link.read.1.tlog
c:\users\rxcam\documents\ghub\scicompanionx\scicompanionlib\debug\scicompanionlib.tlog\lib-link.write.1.tlog
c:\users\rxcam\documents\ghub\scicompanionx\scicompanionlib\debug\scicompanionlib.tlog\lib.command.1.tlog
c:\users\rxcam\documents\ghub\scicompanionx\scicompanionlib\debug\scicompanionlib.tlog\rc.command.1.tlog
c:\users\rxcam\documents\ghub\scicompanionx\scicompanionlib\debug\scicompanionlib.tlog\rc.read.1.tlog
c:\users\rxcam\documents\ghub\scicompanionx\scicompanionlib\debug\scicompanionlib.tlog\rc.write.1.tlog
