  ExtractAll.cpp
Task.obj : warning LNK4221: This object file does not define any previously undefined public symbols, so it will not be used by any link operation that consumes this library
VisualScriptDialog.obj : warning LNK4221: This object file does not define any previously undefined public symbols, so it will not be used by any link operation that consumes this library
AudioNegative.obj : warning LNK4221: This object file does not define any previously undefined public symbols, so it will not be used by any link operation that consumes this library
  Appending Debug\Text.obj
  Appending Debug\stdafx.obj
  Appending Debug\WordEnumString.obj
  Appending Debug\VGADither.obj
  Appending Debug\Version.obj
  Appending Debug\util.obj
  Appending Debug\TokenDatabase.obj
  Appending Debug\Task.obj
  Appending Debug\TalkerToViewMap.obj
  Appending Debug\Stream.obj
  Appending Debug\DrawHelper.obj
  Appending Debug\CrystalScriptStream.obj
  Appending Debug\Codec.obj
  Appending Debug\CodeAutoComplete.obj
  Appending Debug\ClassBrowserInfo.obj
  Appending Debug\ClassBrowser.obj
  Appending Debug\AppState.obj
  Appending Debug\Vocab99x.obj
  Appending Debug\Vocab000.obj
  Appending Debug\ResourceRecency.obj
  Appending Debug\ResourceMap.obj
  Appending Debug\ResourceEntity.obj
  Appending Debug\ResourceBlob.obj
  Appending Debug\ResourceContainer.obj
  Appending Debug\ResourceUtil.obj
  Appending Debug\RasterOperations.obj
  Appending Debug\PicDrawManager.obj
  Appending Debug\PicCommands.obj
  Appending Debug\FontOperations.obj
  Appending Debug\Cursor.obj
  Appending Debug\Components.obj
  Appending Debug\VocabView.obj
  Appending Debug\TextView.obj
  Appending Debug\SoundView.obj
  Appending Debug\ScriptView.obj
  Appending Debug\RoomExplorerView.obj
  Appending Debug\GameExplorerView.obj
  Appending Debug\RasterView.obj
  Appending Debug\RasterResourceListView.obj
  Appending Debug\PicView.obj
  Appending Debug\FontPreviewView.obj
  Appending Debug\VocabChildFrame.obj
  Appending Debug\ViewChildFrame.obj
  Appending Debug\TextChildFrame.obj
  Appending Debug\SoundChildFrame.obj
  Appending Debug\ScriptFrame.obj
  Appending Debug\RoomExplorerFrame.obj
  Appending Debug\GameExplorerFrame.obj
  Appending Debug\PicChildFrame.obj
  Appending Debug\MDITabChildWnd.obj
  Appending Debug\MainFrm.obj
  Appending Debug\FontChildFrame.obj
  Appending Debug\CursorChildFrame.obj
  Appending Debug\VocabDoc.obj
  Appending Debug\TextDoc.obj
  Appending Debug\SoundDoc.obj
  Appending Debug\ScriptDocument.obj
  Appending Debug\RoomExplorerDoc.obj
  Appending Debug\ResourceListDoc.obj
  Appending Debug\ResourceDocument.obj
  Appending Debug\PicDoc.obj
  Appending Debug\NonViewHostDocument.obj
  Appending Debug\NewRasterResourceDocument.obj
  Appending Debug\VPCDialogBar.obj
  Appending Debug\ViewCelChooser.obj
  Appending Debug\SoundToolboxSidePane.obj
  Appending Debug\SliderDialogBar.obj
  Appending Debug\ScriptComboBox.obj
  Appending Debug\ResourcePreviewer.obj
  Appending Debug\ResourcePicListView.obj
  Appending Debug\ResourceListView.obj
  Appending Debug\RasterSidePane.obj
  Appending Debug\QuickScripts.obj
  Appending Debug\PicCommandSidePane.obj
  Appending Debug\NoFlickerStatic.obj
  Appending Debug\MDITabsDialogBar.obj
  Appending Debug\IntellisenseListBox.obj
  Appending Debug\ExtDialogFwdCmd.obj
  Appending Debug\ExtControlBarNoX.obj
  Appending Debug\ColoredToolTip.obj
  Appending Debug\ColorButton.obj
  Appending Debug\CodeToolTips.obj
  Appending Debug\ChooseColorStatic.obj
  Appending Debug\VocabAutoCompleteDialog.obj
  Appending Debug\VisualScriptDialog.obj
  Appending Debug\SCIProps.obj
  Appending Debug\SCIPropertyInfo.obj
  Appending Debug\SCIPropertyCtrl.obj
  Appending Debug\SCIFontDialog.obj
  Appending Debug\SaveResourceDialog.obj
  Appending Debug\SamplesDialogBar.obj
  Appending Debug\RemoveScriptDialog.obj
  Appending Debug\PreferencesDialog.obj
  Appending Debug\PaletteDefinitionDialog.obj
  Appending Debug\NewScriptDialog.obj
  Appending Debug\NewRoomDialog.obj
  Appending Debug\NewGameDialog.obj
  Appending Debug\NewCompileDialog.obj
  Appending Debug\InsertObject.obj
  Appending Debug\GotoDialog.obj
  Appending Debug\GamePropertiesDialog.obj
  Appending Debug\FindWordDialog.obj
  Appending Debug\FindAllDialog.obj
  Appending Debug\DontShowAgainDialog.obj
  Appending Debug\ClassBrowserDialog.obj
  Appending Debug\ChoosePriConDialog.obj
  Appending Debug\ChoosePenStyleDialog.obj
  Appending Debug\ChooseColorDialog.obj
  Appending Debug\ChooseColorAdvancedDialog.obj
  Appending Debug\BitmapToPicDialog.obj
  Appending Debug\BaseColorDialog.obj
  Appending Debug\BarContainerDialog.obj
  Appending Debug\AnimateDialog.obj
  Appending Debug\CFindTextDlg.obj
  Appending Debug\CEditReplaceDlg.obj
  Appending Debug\CCrystalTextView2.obj
  Appending Debug\CCrystalTextView.obj
  Appending Debug\CCrystalTextBuffer.obj
  Appending Debug\CCrystalEditView.obj
  Appending Debug\crc.obj
  Appending Debug\format.obj
  Appending Debug\Types.obj
  Appending Debug\SyntaxParser.obj
  Appending Debug\ScriptOMTraverse.obj
  Appending Debug\ScriptOM.obj
  Appending Debug\SourceCodeFormatter.obj
  Appending Debug\SCO.obj
  Appending Debug\StudioSyntaxParser.obj
  Appending Debug\scii.obj
  Appending Debug\PMachine.obj
  Appending Debug\ParserCommon.obj
  Appending Debug\DecompilerCore.obj
  Appending Debug\CompiledScript.obj
  Appending Debug\CompileContext.obj
  Appending Debug\Compile.obj
  Appending Debug\SoundUtil.obj
  Appending Debug\ScriptConvert.obj
  Appending Debug\RunLogic.obj
  Appending Debug\RGBOctree.obj
  Appending Debug\PostBuildThread.obj
  Appending Debug\PhonemeMap.obj
  Appending Debug\PerfTimer.obj
  Appending Debug\MidiPlayer.obj
  Appending Debug\LipSyncutil.obj
  Appending Debug\ImageUtil.obj
  Appending Debug\ExtractAll.obj
  Appending Debug\DependencyTracker.obj
  Appending Debug\DebuggerThread.obj
  Appending Debug\CustomMessageBox.obj
  Appending Debug\ColorQuantization.obj
  Appending Debug\CodecSTAC.obj
  Appending Debug\CodecDecompressor.obj
  Appending Debug\CodecDCL.obj
  Appending Debug\CodecDCL-freesci.obj
  Appending Debug\PicOperations.obj
  Appending Debug\SCICompanionLib.obj
  Appending Debug\Sound.obj
  Appending Debug\CodecAlt.obj
  Appending Debug\ClipboardUtil.obj
  Appending Debug\AudioRecording.obj
  Appending Debug\AudioProcessing.obj
  Appending Debug\AudioPlayback.obj
  Appending Debug\View.obj
  Appending Debug\VersionDetectionHelper.obj
  Appending Debug\Sync.obj
  Appending Debug\SoundOperations.obj
  Appending Debug\PaletteOperations.obj
  Appending Debug\GameVersionDialog.obj
  Appending Debug\Message.obj
  Appending Debug\ResourceSources.obj
  Appending Debug\ResourceMapOperations.obj
  Appending Debug\Pic.obj
  Appending Debug\GameFolderHelper.obj
  Appending Debug\AudioMap.obj
  Appending Debug\Font.obj
  Appending Debug\Audio.obj
  Appending Debug\PaletteView.obj
  Appending Debug\MessageView.obj
  Appending Debug\PaletteChildFrame.obj
  Appending Debug\MessageChildFrame.obj
  Appending Debug\PaletteDoc.obj
  Appending Debug\MessageDoc.obj
  Appending Debug\gif_hash.obj
  Appending Debug\gif_err.obj
  Appending Debug\gifalloc.obj
  Appending Debug\dgif_lib.obj
  Appending Debug\ZoomCelStatic.obj
  Appending Debug\ViewCelListBox.obj
  Appending Debug\Polygon.obj
  Appending Debug\PatchResourceSource.obj
  Appending Debug\NounsAndCases.obj
  Appending Debug\AudioResourceSource.obj
  Appending Debug\AudioNegative.obj
  Appending Debug\AudioCacheResourceSource.obj
  Appending Debug\r8bbase.obj
  Appending Debug\DocumentWithPaletteChoices.obj
  Appending Debug\sapi_util.obj
  Appending Debug\sapi_lipsync.obj
  Appending Debug\phone_estimate.obj
  Appending Debug\egif_lib.obj
  Appending Debug\ViewUIElement.obj
  Appending Debug\SoundUIUtil.obj
  Appending Debug\PicHelperPane.obj
  Appending Debug\PhonemeEditor.obj
  Appending Debug\NewOutputPane.obj
  Appending Debug\MessageSource.obj
  Appending Debug\MessageSidePane.obj
  Appending Debug\MessageNounConditionPane.obj
  Appending Debug\MessageHeaderFile.obj
  Appending Debug\MessageEditPane.obj
  Appending Debug\MessageEditorListCtrl.obj
  Appending Debug\LevelMeter.obj
  Appending Debug\ExtTabControl.obj
  Appending Debug\AudioWaveformUI.obj
  Appending Debug\AudioProcessingSettingsUI.obj
  Appending Debug\OutputRST.obj
  Appending Debug\DocScript.obj
  Appending Debug\ToolTipDialog.obj
  Appending Debug\RotateArbitraryDialog.obj
  Appending Debug\PrepareBitmapBase.obj
  Appending Debug\PicDimensionsDialog.obj
  Appending Debug\PicClipsDialog.obj
  Appending Debug\PhonemeDialog.obj
  Appending Debug\PaletteEditorDialog.obj
  Appending Debug\OnionSkinSettingsDialog.obj
  Appending Debug\GradientDialog.obj
  Appending Debug\GenerateDocsDialog.obj
  Appending Debug\ExtractLipSyncDialog.obj
  Appending Debug\ExtractAllDialog.obj
  Appending Debug\EditCelDataDialog.obj
  Appending Debug\DecompileDialog.obj
  Appending Debug\ConvertFromToPaletteDialog.obj
  Appending Debug\ColorShifterDialog.obj
  Appending Debug\ColorAdjustDialog.obj
  Appending Debug\ChooseTalkerViewLoopDialog.obj
  Appending Debug\ChooseColorDialogVGA.obj
  Appending Debug\BitmapToVGADialog.obj
  Appending Debug\AudioPreferencesDialog.obj
  Appending Debug\AudioEditDialog.obj
  Appending Debug\ValidateSaid.obj
  Appending Debug\TarjanAlgorithm.obj
  Appending Debug\SummarizeScript.obj
  Appending Debug\ScriptMakerHelper.obj
  Appending Debug\SCISyntaxParser.obj
  Appending Debug\StudioSourceCodeFormatter.obj
  Appending Debug\SCISourceCodeFormatter.obj
  Appending Debug\ParseAutoCompleteContext.obj
  Appending Debug\OutputScriptStrings.obj
  Appending Debug\OutputCodeHelper.obj
  Appending Debug\OperatorTables.obj
  Appending Debug\DecompilerConfig.obj
  Appending Debug\GenerateScriptResource.obj
  Appending Debug\Evaluate.obj
  Appending Debug\ControlFlowGraph.obj
  Appending Debug\Disassembler.obj
  Appending Debug\DisassembleHelper.obj
  Appending Debug\DecompileScript.obj
  Appending Debug\DecompilerSpecialCases.obj
  Appending Debug\DecompilerNew.obj
  Appending Debug\DecompilerFallback.obj
  Appending Debug\ControlFlowGraphViz.obj
  Appending Debug\ControlFlowNode.obj
  Appending Debug\AutoDetectVariableNames.obj
  SCICompanionLib.vcxproj -> C:\Projects\SCICompanion-master\Debug\SCICompanionLib.lib
