c:\users\rxcam\documents\ghub\scicompanionx\scicompanion\release\scicompanion.pch
c:\users\rxcam\documents\ghub\scicompanionx\scicompanion\release\vc141.pdb
c:\users\rxcam\documents\ghub\scicompanionx\scicompanion\release\stdafx.obj
c:\users\rxcam\documents\ghub\scicompanionx\scicompanion\release\scicompanion.obj
c:\users\rxcam\documents\ghub\scicompanionx\release\scicompanion.exe
c:\users\rxcam\documents\ghub\scicompanionx\release\scicompanion.pdb
c:\users\rxcam\documents\ghub\scicompanionx\scicompanion\release\scicompanion.res
c:\projects\scicompanionx\release\scicompanion.lib
c:\projects\scicompanionx\release\scicompanion.exp
c:\users\rxcam\documents\ghub\scicompanionx\release\scicompanion.lib
c:\users\rxcam\documents\ghub\scicompanionx\release\scicompanion.exp
c:\users\rxcam\documents\ghub\scicompanionx\release\scicompanion.ipdb
c:\users\rxcam\documents\ghub\scicompanionx\release\scicompanion.iobj
c:\users\rxcam\documents\ghub\scicompanionx\scicompanion\release\scicompanion.vcxprojassemblyreference.cache
c:\users\rxcam\documents\ghub\scicompanionx\scicompanion\release\vc140.pdb
c:\users\rxcam\documents\ghub\scicompanionx\scicompanion\release\scicompanion.tlog\cl.command.1.tlog
c:\users\rxcam\documents\ghub\scicompanionx\scicompanion\release\scicompanion.tlog\cl.read.1.tlog
c:\users\rxcam\documents\ghub\scicompanionx\scicompanion\release\scicompanion.tlog\cl.write.1.tlog
c:\users\rxcam\documents\ghub\scicompanionx\scicompanion\release\scicompanion.tlog\link.command.1.tlog
c:\users\rxcam\documents\ghub\scicompanionx\scicompanion\release\scicompanion.tlog\link.delete.1.tlog
c:\users\rxcam\documents\ghub\scicompanionx\scicompanion\release\scicompanion.tlog\link.read.1.tlog
c:\users\rxcam\documents\ghub\scicompanionx\scicompanion\release\scicompanion.tlog\link.write.1.tlog
c:\users\rxcam\documents\ghub\scicompanionx\scicompanion\release\scicompanion.tlog\rc.command.1.tlog
c:\users\rxcam\documents\ghub\scicompanionx\scicompanion\release\scicompanion.tlog\rc.read.1.tlog
c:\users\rxcam\documents\ghub\scicompanionx\scicompanion\release\scicompanion.tlog\rc.write.1.tlog
c:\users\rxcam\documents\ghub\scicompanionx\scicompanion\release\scicompanion.tlog\scicompanion.write.1u.tlog
