c:\users\rxcam\documents\ghub\scicompanionx\scicompanionlib\release\scicompanionlib.pch
c:\users\rxcam\documents\ghub\scicompanionx\scicompanionlib\release\scicompanionlib.pdb
c:\users\rxcam\documents\ghub\scicompanionx\scicompanionlib\release\scicompanionlib.idb
c:\users\rxcam\documents\ghub\scicompanionx\scicompanionlib\release\stdafx.obj
c:\users\rxcam\documents\ghub\scicompanionx\scicompanionlib\release\resourcemap.obj
c:\users\rxcam\documents\ghub\scicompanionx\scicompanionlib\release\resourcerecency.obj
c:\users\rxcam\documents\ghub\scicompanionx\scicompanionlib\release\vocab000.obj
c:\users\rxcam\documents\ghub\scicompanionx\scicompanionlib\release\vocab99x.obj
c:\users\rxcam\documents\ghub\scicompanionx\scicompanionlib\release\appstate.obj
c:\users\rxcam\documents\ghub\scicompanionx\scicompanionlib\release\classbrowser.obj
c:\users\rxcam\documents\ghub\scicompanionx\scicompanionlib\release\classbrowserinfo.obj
c:\users\rxcam\documents\ghub\scicompanionx\scicompanionlib\release\codeautocomplete.obj
c:\users\rxcam\documents\ghub\scicompanionx\scicompanionlib\release\codec.obj
c:\users\rxcam\documents\ghub\scicompanionx\scicompanionlib\release\crystalscriptstream.obj
c:\users\rxcam\documents\ghub\scicompanionx\scicompanionlib\release\drawhelper.obj
c:\users\rxcam\documents\ghub\scicompanionx\scicompanionlib\release\stream.obj
c:\users\rxcam\documents\ghub\scicompanionx\scicompanionlib\release\talkertoviewmap.obj
c:\users\rxcam\documents\ghub\scicompanionx\scicompanionlib\release\task.obj
c:\users\rxcam\documents\ghub\scicompanionx\scicompanionlib\release\tokendatabase.obj
c:\users\rxcam\documents\ghub\scicompanionx\scicompanionlib\release\version.obj
c:\users\rxcam\documents\ghub\scicompanionx\scicompanionlib\release\vgadither.obj
c:\users\rxcam\documents\ghub\scicompanionx\scicompanionlib\release\wordenumstring.obj
c:\users\rxcam\documents\ghub\scicompanionx\scicompanionlib\release\text.obj
c:\users\rxcam\documents\ghub\scicompanionx\scicompanionlib\release\fontpreviewview.obj
c:\users\rxcam\documents\ghub\scicompanionx\scicompanionlib\release\picview.obj
c:\users\rxcam\documents\ghub\scicompanionx\scicompanionlib\release\rasterresourcelistview.obj
c:\users\rxcam\documents\ghub\scicompanionx\scicompanionlib\release\rasterview.obj
c:\users\rxcam\documents\ghub\scicompanionx\scicompanionlib\release\gameexplorerview.obj
c:\users\rxcam\documents\ghub\scicompanionx\scicompanionlib\release\roomexplorerview.obj
c:\users\rxcam\documents\ghub\scicompanionx\scicompanionlib\release\scriptview.obj
c:\users\rxcam\documents\ghub\scicompanionx\scicompanionlib\release\soundview.obj
c:\users\rxcam\documents\ghub\scicompanionx\scicompanionlib\release\textview.obj
c:\users\rxcam\documents\ghub\scicompanionx\scicompanionlib\release\vocabview.obj
c:\users\rxcam\documents\ghub\scicompanionx\scicompanionlib\release\components.obj
c:\users\rxcam\documents\ghub\scicompanionx\scicompanionlib\release\cursor.obj
c:\users\rxcam\documents\ghub\scicompanionx\scicompanionlib\release\fontoperations.obj
c:\users\rxcam\documents\ghub\scicompanionx\scicompanionlib\release\piccommands.obj
c:\users\rxcam\documents\ghub\scicompanionx\scicompanionlib\release\picdrawmanager.obj
c:\users\rxcam\documents\ghub\scicompanionx\scicompanionlib\release\rasteroperations.obj
c:\users\rxcam\documents\ghub\scicompanionx\scicompanionlib\release\resourceutil.obj
c:\users\rxcam\documents\ghub\scicompanionx\scicompanionlib\release\resourcecontainer.obj
c:\users\rxcam\documents\ghub\scicompanionx\scicompanionlib\release\resourceblob.obj
c:\users\rxcam\documents\ghub\scicompanionx\scicompanionlib\release\resourceentity.obj
c:\users\rxcam\documents\ghub\scicompanionx\scicompanionlib\release\picdoc.obj
c:\users\rxcam\documents\ghub\scicompanionx\scicompanionlib\release\resourcedocument.obj
c:\users\rxcam\documents\ghub\scicompanionx\scicompanionlib\release\resourcelistdoc.obj
c:\users\rxcam\documents\ghub\scicompanionx\scicompanionlib\release\roomexplorerdoc.obj
c:\users\rxcam\documents\ghub\scicompanionx\scicompanionlib\release\scriptdocument.obj
c:\users\rxcam\documents\ghub\scicompanionx\scicompanionlib\release\sounddoc.obj
c:\users\rxcam\documents\ghub\scicompanionx\scicompanionlib\release\textdoc.obj
c:\users\rxcam\documents\ghub\scicompanionx\scicompanionlib\release\vocabdoc.obj
c:\users\rxcam\documents\ghub\scicompanionx\scicompanionlib\release\cursorchildframe.obj
c:\users\rxcam\documents\ghub\scicompanionx\scicompanionlib\release\fontchildframe.obj
c:\users\rxcam\documents\ghub\scicompanionx\scicompanionlib\release\mditabchildwnd.obj
c:\users\rxcam\documents\ghub\scicompanionx\scicompanionlib\release\picchildframe.obj
c:\users\rxcam\documents\ghub\scicompanionx\scicompanionlib\release\gameexplorerframe.obj
c:\users\rxcam\documents\ghub\scicompanionx\scicompanionlib\release\roomexplorerframe.obj
c:\users\rxcam\documents\ghub\scicompanionx\scicompanionlib\release\scriptframe.obj
c:\users\rxcam\documents\ghub\scicompanionx\scicompanionlib\release\soundchildframe.obj
c:\users\rxcam\documents\ghub\scicompanionx\scicompanionlib\release\textchildframe.obj
c:\users\rxcam\documents\ghub\scicompanionx\scicompanionlib\release\viewchildframe.obj
c:\users\rxcam\documents\ghub\scicompanionx\scicompanionlib\release\vocabchildframe.obj
c:\users\rxcam\documents\ghub\scicompanionx\scicompanionlib\release\colorbutton.obj
c:\users\rxcam\documents\ghub\scicompanionx\scicompanionlib\release\coloredtooltip.obj
c:\users\rxcam\documents\ghub\scicompanionx\scicompanionlib\release\extcontrolbarnox.obj
c:\users\rxcam\documents\ghub\scicompanionx\scicompanionlib\release\extdialogfwdcmd.obj
c:\users\rxcam\documents\ghub\scicompanionx\scicompanionlib\release\intellisenselistbox.obj
c:\users\rxcam\documents\ghub\scicompanionx\scicompanionlib\release\mditabsdialogbar.obj
c:\users\rxcam\documents\ghub\scicompanionx\scicompanionlib\release\noflickerstatic.obj
c:\users\rxcam\documents\ghub\scicompanionx\scicompanionlib\release\piccommandsidepane.obj
c:\users\rxcam\documents\ghub\scicompanionx\scicompanionlib\release\quickscripts.obj
c:\users\rxcam\documents\ghub\scicompanionx\scicompanionlib\release\rastersidepane.obj
c:\users\rxcam\documents\ghub\scicompanionx\scicompanionlib\release\resourcelistview.obj
c:\users\rxcam\documents\ghub\scicompanionx\scicompanionlib\release\resourcepiclistview.obj
c:\users\rxcam\documents\ghub\scicompanionx\scicompanionlib\release\resourcepreviewer.obj
c:\users\rxcam\documents\ghub\scicompanionx\scicompanionlib\release\scriptcombobox.obj
c:\users\rxcam\documents\ghub\scicompanionx\scicompanionlib\release\sliderdialogbar.obj
c:\users\rxcam\documents\ghub\scicompanionx\scicompanionlib\release\soundtoolboxsidepane.obj
c:\users\rxcam\documents\ghub\scicompanionx\scicompanionlib\release\viewcelchooser.obj
c:\users\rxcam\documents\ghub\scicompanionx\scicompanionlib\release\vpcdialogbar.obj
c:\users\rxcam\documents\ghub\scicompanionx\scicompanionlib\release\newrasterresourcedocument.obj
c:\users\rxcam\documents\ghub\scicompanionx\scicompanionlib\release\nonviewhostdocument.obj
c:\users\rxcam\documents\ghub\scicompanionx\scicompanionlib\release\gamepropertiesdialog.obj
c:\users\rxcam\documents\ghub\scicompanionx\scicompanionlib\release\gotodialog.obj
c:\users\rxcam\documents\ghub\scicompanionx\scicompanionlib\release\insertobject.obj
c:\users\rxcam\documents\ghub\scicompanionx\scicompanionlib\release\newgamedialog.obj
c:\users\rxcam\documents\ghub\scicompanionx\scicompanionlib\release\newroomdialog.obj
c:\users\rxcam\documents\ghub\scicompanionx\scicompanionlib\release\newscriptdialog.obj
c:\users\rxcam\documents\ghub\scicompanionx\scicompanionlib\release\palettedefinitiondialog.obj
c:\users\rxcam\documents\ghub\scicompanionx\scicompanionlib\release\preferencesdialog.obj
c:\users\rxcam\documents\ghub\scicompanionx\scicompanionlib\release\removescriptdialog.obj
c:\users\rxcam\documents\ghub\scicompanionx\scicompanionlib\release\samplesdialogbar.obj
c:\users\rxcam\documents\ghub\scicompanionx\scicompanionlib\release\saveresourcedialog.obj
c:\users\rxcam\documents\ghub\scicompanionx\scicompanionlib\release\scifontdialog.obj
c:\users\rxcam\documents\ghub\scicompanionx\scicompanionlib\release\scipropertyctrl.obj
c:\users\rxcam\documents\ghub\scicompanionx\scicompanionlib\release\scipropertyinfo.obj
c:\users\rxcam\documents\ghub\scicompanionx\scicompanionlib\release\sciprops.obj
c:\users\rxcam\documents\ghub\scicompanionx\scicompanionlib\release\visualscriptdialog.obj
c:\users\rxcam\documents\ghub\scicompanionx\scicompanionlib\release\vocabautocompletedialog.obj
c:\users\rxcam\documents\ghub\scicompanionx\scicompanionlib\release\choosecolorstatic.obj
c:\users\rxcam\documents\ghub\scicompanionx\scicompanionlib\release\codetooltips.obj
c:\users\rxcam\documents\ghub\scicompanionx\scicompanionlib\release\format.obj
c:\users\rxcam\documents\ghub\scicompanionx\scicompanionlib\release\crc.obj
c:\users\rxcam\documents\ghub\scicompanionx\scicompanionlib\release\ccrystaleditview.obj
c:\users\rxcam\documents\ghub\scicompanionx\scicompanionlib\release\ccrystaltextbuffer.obj
c:\users\rxcam\documents\ghub\scicompanionx\scicompanionlib\release\ccrystaltextview.obj
c:\users\rxcam\documents\ghub\scicompanionx\scicompanionlib\release\ccrystaltextview2.obj
c:\users\rxcam\documents\ghub\scicompanionx\scicompanionlib\release\ceditreplacedlg.obj
c:\users\rxcam\documents\ghub\scicompanionx\scicompanionlib\release\cfindtextdlg.obj
c:\users\rxcam\documents\ghub\scicompanionx\scicompanionlib\release\animatedialog.obj
c:\users\rxcam\documents\ghub\scicompanionx\scicompanionlib\release\barcontainerdialog.obj
c:\users\rxcam\documents\ghub\scicompanionx\scicompanionlib\release\basecolordialog.obj
c:\users\rxcam\documents\ghub\scicompanionx\scicompanionlib\release\bitmaptopicdialog.obj
c:\users\rxcam\documents\ghub\scicompanionx\scicompanionlib\release\choosecoloradvanceddialog.obj
c:\users\rxcam\documents\ghub\scicompanionx\scicompanionlib\release\choosecolordialog.obj
c:\users\rxcam\documents\ghub\scicompanionx\scicompanionlib\release\choosepenstyledialog.obj
c:\users\rxcam\documents\ghub\scicompanionx\scicompanionlib\release\choosepricondialog.obj
c:\users\rxcam\documents\ghub\scicompanionx\scicompanionlib\release\classbrowserdialog.obj
c:\users\rxcam\documents\ghub\scicompanionx\scicompanionlib\release\dontshowagaindialog.obj
c:\users\rxcam\documents\ghub\scicompanionx\scicompanionlib\release\findalldialog.obj
c:\users\rxcam\documents\ghub\scicompanionx\scicompanionlib\release\findworddialog.obj
c:\users\rxcam\documents\ghub\scicompanionx\scicompanionlib\release\phonememap.obj
c:\users\rxcam\documents\ghub\scicompanionx\scicompanionlib\release\postbuildthread.obj
c:\users\rxcam\documents\ghub\scicompanionx\scicompanionlib\release\rgboctree.obj
c:\users\rxcam\documents\ghub\scicompanionx\scicompanionlib\release\runlogic.obj
c:\users\rxcam\documents\ghub\scicompanionx\scicompanionlib\release\soundutil.obj
c:\users\rxcam\documents\ghub\scicompanionx\scicompanionlib\release\compile.obj
c:\users\rxcam\documents\ghub\scicompanionx\scicompanionlib\release\compilecontext.obj
c:\users\rxcam\documents\ghub\scicompanionx\scicompanionlib\release\compiledscript.obj
c:\users\rxcam\documents\ghub\scicompanionx\scicompanionlib\release\decompilercore.obj
c:\users\rxcam\documents\ghub\scicompanionx\scicompanionlib\release\parsercommon.obj
c:\users\rxcam\documents\ghub\scicompanionx\scicompanionlib\release\pmachine.obj
c:\users\rxcam\documents\ghub\scicompanionx\scicompanionlib\release\scii.obj
c:\users\rxcam\documents\ghub\scicompanionx\scicompanionlib\release\studiosyntaxparser.obj
c:\users\rxcam\documents\ghub\scicompanionx\scicompanionlib\release\sco.obj
c:\users\rxcam\documents\ghub\scicompanionx\scicompanionlib\release\sourcecodeformatter.obj
c:\users\rxcam\documents\ghub\scicompanionx\scicompanionlib\release\scriptom.obj
c:\users\rxcam\documents\ghub\scicompanionx\scicompanionlib\release\scriptomtraverse.obj
c:\users\rxcam\documents\ghub\scicompanionx\scicompanionlib\release\syntaxparser.obj
c:\users\rxcam\documents\ghub\scicompanionx\scicompanionlib\release\types.obj
c:\users\rxcam\documents\ghub\scicompanionx\scicompanionlib\release\audioprocessing.obj
c:\users\rxcam\documents\ghub\scicompanionx\scicompanionlib\release\audiorecording.obj
c:\users\rxcam\documents\ghub\scicompanionx\scicompanionlib\release\clipboardutil.obj
c:\users\rxcam\documents\ghub\scicompanionx\scicompanionlib\release\codecalt.obj
c:\users\rxcam\documents\ghub\scicompanionx\scicompanionlib\release\sound.obj
c:\users\rxcam\documents\ghub\scicompanionx\scicompanionlib\release\scicompanionlib.obj
c:\users\rxcam\documents\ghub\scicompanionx\scicompanionlib\release\picoperations.obj
c:\users\rxcam\documents\ghub\scicompanionx\scicompanionlib\release\codecdcl-freesci.obj
c:\users\rxcam\documents\ghub\scicompanionx\scicompanionlib\release\codecdcl.obj
c:\users\rxcam\documents\ghub\scicompanionx\scicompanionlib\release\codecdecompressor.obj
c:\users\rxcam\documents\ghub\scicompanionx\scicompanionlib\release\codecstac.obj
c:\users\rxcam\documents\ghub\scicompanionx\scicompanionlib\release\colorquantization.obj
c:\users\rxcam\documents\ghub\scicompanionx\scicompanionlib\release\custommessagebox.obj
c:\users\rxcam\documents\ghub\scicompanionx\scicompanionlib\release\debuggerthread.obj
c:\users\rxcam\documents\ghub\scicompanionx\scicompanionlib\release\dependencytracker.obj
c:\users\rxcam\documents\ghub\scicompanionx\scicompanionlib\release\extractall.obj
c:\users\rxcam\documents\ghub\scicompanionx\scicompanionlib\release\imageutil.obj
c:\users\rxcam\documents\ghub\scicompanionx\scicompanionlib\release\lipsyncutil.obj
c:\users\rxcam\documents\ghub\scicompanionx\scicompanionlib\release\midiplayer.obj
c:\users\rxcam\documents\ghub\scicompanionx\scicompanionlib\release\perftimer.obj
c:\users\rxcam\documents\ghub\scicompanionx\scicompanionlib\release\palettedoc.obj
c:\users\rxcam\documents\ghub\scicompanionx\scicompanionlib\release\messagechildframe.obj
c:\users\rxcam\documents\ghub\scicompanionx\scicompanionlib\release\palettechildframe.obj
c:\users\rxcam\documents\ghub\scicompanionx\scicompanionlib\release\messageview.obj
c:\users\rxcam\documents\ghub\scicompanionx\scicompanionlib\release\paletteview.obj
c:\users\rxcam\documents\ghub\scicompanionx\scicompanionlib\release\audio.obj
c:\users\rxcam\documents\ghub\scicompanionx\scicompanionlib\release\font.obj
c:\users\rxcam\documents\ghub\scicompanionx\scicompanionlib\release\audiomap.obj
c:\users\rxcam\documents\ghub\scicompanionx\scicompanionlib\release\gamefolderhelper.obj
c:\users\rxcam\documents\ghub\scicompanionx\scicompanionlib\release\pic.obj
c:\users\rxcam\documents\ghub\scicompanionx\scicompanionlib\release\resourcemapoperations.obj
c:\users\rxcam\documents\ghub\scicompanionx\scicompanionlib\release\resourcesources.obj
c:\users\rxcam\documents\ghub\scicompanionx\scicompanionlib\release\message.obj
c:\users\rxcam\documents\ghub\scicompanionx\scicompanionlib\release\gameversiondialog.obj
c:\users\rxcam\documents\ghub\scicompanionx\scicompanionlib\release\paletteoperations.obj
c:\users\rxcam\documents\ghub\scicompanionx\scicompanionlib\release\soundoperations.obj
c:\users\rxcam\documents\ghub\scicompanionx\scicompanionlib\release\sync.obj
c:\users\rxcam\documents\ghub\scicompanionx\scicompanionlib\release\versiondetectionhelper.obj
c:\users\rxcam\documents\ghub\scicompanionx\scicompanionlib\release\view.obj
c:\users\rxcam\documents\ghub\scicompanionx\scicompanionlib\release\audioplayback.obj
c:\users\rxcam\documents\ghub\scicompanionx\scicompanionlib\release\viewuielement.obj
c:\users\rxcam\documents\ghub\scicompanionx\scicompanionlib\release\egif_lib.obj
c:\users\rxcam\documents\ghub\scicompanionx\scicompanionlib\release\phone_estimate.obj
c:\users\rxcam\documents\ghub\scicompanionx\scicompanionlib\release\sapi_lipsync.obj
c:\users\rxcam\documents\ghub\scicompanionx\scicompanionlib\release\sapi_util.obj
c:\users\rxcam\documents\ghub\scicompanionx\scicompanionlib\release\documentwithpalettechoices.obj
c:\users\rxcam\documents\ghub\scicompanionx\scicompanionlib\release\r8bbase.obj
c:\users\rxcam\documents\ghub\scicompanionx\scicompanionlib\release\audionegative.obj
c:\users\rxcam\documents\ghub\scicompanionx\scicompanionlib\release\audioresourcesource.obj
c:\users\rxcam\documents\ghub\scicompanionx\scicompanionlib\release\nounsandcases.obj
c:\users\rxcam\documents\ghub\scicompanionx\scicompanionlib\release\patchresourcesource.obj
c:\users\rxcam\documents\ghub\scicompanionx\scicompanionlib\release\polygon.obj
c:\users\rxcam\documents\ghub\scicompanionx\scicompanionlib\release\viewcellistbox.obj
c:\users\rxcam\documents\ghub\scicompanionx\scicompanionlib\release\zoomcelstatic.obj
c:\users\rxcam\documents\ghub\scicompanionx\scicompanionlib\release\dgif_lib.obj
c:\users\rxcam\documents\ghub\scicompanionx\scicompanionlib\release\gifalloc.obj
c:\users\rxcam\documents\ghub\scicompanionx\scicompanionlib\release\gif_err.obj
c:\users\rxcam\documents\ghub\scicompanionx\scicompanionlib\release\gif_hash.obj
c:\users\rxcam\documents\ghub\scicompanionx\scicompanionlib\release\messagedoc.obj
c:\users\rxcam\documents\ghub\scicompanionx\scicompanionlib\release\picdimensionsdialog.obj
c:\users\rxcam\documents\ghub\scicompanionx\scicompanionlib\release\preparebitmapbase.obj
c:\users\rxcam\documents\ghub\scicompanionx\scicompanionlib\release\rotatearbitrarydialog.obj
c:\users\rxcam\documents\ghub\scicompanionx\scicompanionlib\release\tooltipdialog.obj
c:\users\rxcam\documents\ghub\scicompanionx\scicompanionlib\release\docscript.obj
c:\users\rxcam\documents\ghub\scicompanionx\scicompanionlib\release\audioprocessingsettingsui.obj
c:\users\rxcam\documents\ghub\scicompanionx\scicompanionlib\release\audiowaveformui.obj
c:\users\rxcam\documents\ghub\scicompanionx\scicompanionlib\release\exttabcontrol.obj
c:\users\rxcam\documents\ghub\scicompanionx\scicompanionlib\release\levelmeter.obj
c:\users\rxcam\documents\ghub\scicompanionx\scicompanionlib\release\messageeditorlistctrl.obj
c:\users\rxcam\documents\ghub\scicompanionx\scicompanionlib\release\messageeditpane.obj
c:\users\rxcam\documents\ghub\scicompanionx\scicompanionlib\release\messageheaderfile.obj
c:\users\rxcam\documents\ghub\scicompanionx\scicompanionlib\release\messagenounconditionpane.obj
c:\users\rxcam\documents\ghub\scicompanionx\scicompanionlib\release\messagesidepane.obj
c:\users\rxcam\documents\ghub\scicompanionx\scicompanionlib\release\messagesource.obj
c:\users\rxcam\documents\ghub\scicompanionx\scicompanionlib\release\newoutputpane.obj
c:\users\rxcam\documents\ghub\scicompanionx\scicompanionlib\release\phonemeeditor.obj
c:\users\rxcam\documents\ghub\scicompanionx\scicompanionlib\release\pichelperpane.obj
c:\users\rxcam\documents\ghub\scicompanionx\scicompanionlib\release\sounduiutil.obj
c:\users\rxcam\documents\ghub\scicompanionx\scicompanionlib\release\tarjanalgorithm.obj
c:\users\rxcam\documents\ghub\scicompanionx\scicompanionlib\release\validatesaid.obj
c:\users\rxcam\documents\ghub\scicompanionx\scicompanionlib\release\audioeditdialog.obj
c:\users\rxcam\documents\ghub\scicompanionx\scicompanionlib\release\audiopreferencesdialog.obj
c:\users\rxcam\documents\ghub\scicompanionx\scicompanionlib\release\bitmaptovgadialog.obj
c:\users\rxcam\documents\ghub\scicompanionx\scicompanionlib\release\choosecolordialogvga.obj
c:\users\rxcam\documents\ghub\scicompanionx\scicompanionlib\release\choosetalkerviewloopdialog.obj
c:\users\rxcam\documents\ghub\scicompanionx\scicompanionlib\release\coloradjustdialog.obj
c:\users\rxcam\documents\ghub\scicompanionx\scicompanionlib\release\colorshifterdialog.obj
c:\users\rxcam\documents\ghub\scicompanionx\scicompanionlib\release\convertfromtopalettedialog.obj
c:\users\rxcam\documents\ghub\scicompanionx\scicompanionlib\release\decompiledialog.obj
c:\users\rxcam\documents\ghub\scicompanionx\scicompanionlib\release\editceldatadialog.obj
c:\users\rxcam\documents\ghub\scicompanionx\scicompanionlib\release\extractalldialog.obj
c:\users\rxcam\documents\ghub\scicompanionx\scicompanionlib\release\extractlipsyncdialog.obj
c:\users\rxcam\documents\ghub\scicompanionx\scicompanionlib\release\generatedocsdialog.obj
c:\users\rxcam\documents\ghub\scicompanionx\scicompanionlib\release\gradientdialog.obj
c:\users\rxcam\documents\ghub\scicompanionx\scicompanionlib\release\onionskinsettingsdialog.obj
c:\users\rxcam\documents\ghub\scicompanionx\scicompanionlib\release\paletteeditordialog.obj
c:\users\rxcam\documents\ghub\scicompanionx\scicompanionlib\release\phonemedialog.obj
c:\users\rxcam\documents\ghub\scicompanionx\scicompanionlib\release\controlflowgraphviz.obj
c:\users\rxcam\documents\ghub\scicompanionx\scicompanionlib\release\decompilerfallback.obj
c:\users\rxcam\documents\ghub\scicompanionx\scicompanionlib\release\decompilernew.obj
c:\users\rxcam\documents\ghub\scicompanionx\scicompanionlib\release\decompilerspecialcases.obj
c:\users\rxcam\documents\ghub\scicompanionx\scicompanionlib\release\decompilescript.obj
c:\users\rxcam\documents\ghub\scicompanionx\scicompanionlib\release\disassemblehelper.obj
c:\users\rxcam\documents\ghub\scicompanionx\scicompanionlib\release\disassembler.obj
c:\users\rxcam\documents\ghub\scicompanionx\scicompanionlib\release\controlflowgraph.obj
c:\users\rxcam\documents\ghub\scicompanionx\scicompanionlib\release\evaluate.obj
c:\users\rxcam\documents\ghub\scicompanionx\scicompanionlib\release\generatescriptresource.obj
c:\users\rxcam\documents\ghub\scicompanionx\scicompanionlib\release\decompilerconfig.obj
c:\users\rxcam\documents\ghub\scicompanionx\scicompanionlib\release\operatortables.obj
c:\users\rxcam\documents\ghub\scicompanionx\scicompanionlib\release\outputcodehelper.obj
c:\users\rxcam\documents\ghub\scicompanionx\scicompanionlib\release\outputscriptstrings.obj
c:\users\rxcam\documents\ghub\scicompanionx\scicompanionlib\release\parseautocompletecontext.obj
c:\users\rxcam\documents\ghub\scicompanionx\scicompanionlib\release\scisourcecodeformatter.obj
c:\users\rxcam\documents\ghub\scicompanionx\scicompanionlib\release\studiosourcecodeformatter.obj
c:\users\rxcam\documents\ghub\scicompanionx\scicompanionlib\release\scisyntaxparser.obj
c:\users\rxcam\documents\ghub\scicompanionx\scicompanionlib\release\scriptmakerhelper.obj
c:\users\rxcam\documents\ghub\scicompanionx\scicompanionlib\release\summarizescript.obj
c:\users\rxcam\documents\ghub\scicompanionx\scicompanionlib\release\autodetectvariablenames.obj
c:\users\rxcam\documents\ghub\scicompanionx\scicompanionlib\release\controlflownode.obj
c:\users\rxcam\documents\ghub\scicompanionx\scicompanionlib\release\util.obj
c:\users\rxcam\documents\ghub\scicompanionx\scicompanionlib\release\mainfrm.obj
c:\users\rxcam\documents\ghub\scicompanionx\scicompanionlib\release\newcompiledialog.obj
c:\users\rxcam\documents\ghub\scicompanionx\scicompanionlib\release\scriptconvert.obj
c:\users\rxcam\documents\ghub\scicompanionx\scicompanionlib\release\audiocacheresourcesource.obj
c:\users\rxcam\documents\ghub\scicompanionx\scicompanionlib\release\outputrst.obj
c:\users\rxcam\documents\ghub\scicompanionx\scicompanionlib\release\picclipsdialog.obj
c:\users\rxcam\documents\ghub\scicompanionx\release\scicompanionlib.lib
c:\users\rxcam\documents\ghub\scicompanionx\scicompanionlib\scicompanionlib.res
c:\users\rxcam\documents\ghub\scicompanionx\scicompanionlib\src\crystaledit\editres.res
c:\users\rxcam\documents\ghub\scicompanionx\scicompanionlib\release\scicompanionlib.tlog\cl.command.1.tlog
c:\users\rxcam\documents\ghub\scicompanionx\scicompanionlib\release\scicompanionlib.tlog\cl.read.1.tlog
c:\users\rxcam\documents\ghub\scicompanionx\scicompanionlib\release\scicompanionlib.tlog\cl.write.1.tlog
c:\users\rxcam\documents\ghub\scicompanionx\scicompanionlib\release\scicompanionlib.tlog\lib-link.read.1.tlog
c:\users\rxcam\documents\ghub\scicompanionx\scicompanionlib\release\scicompanionlib.tlog\lib-link.write.1.tlog
c:\users\rxcam\documents\ghub\scicompanionx\scicompanionlib\release\scicompanionlib.tlog\lib.command.1.tlog
c:\users\rxcam\documents\ghub\scicompanionx\scicompanionlib\release\scicompanionlib.tlog\rc.command.1.tlog
c:\users\rxcam\documents\ghub\scicompanionx\scicompanionlib\release\scicompanionlib.tlog\rc.read.1.tlog
c:\users\rxcam\documents\ghub\scicompanionx\scicompanionlib\release\scicompanionlib.tlog\rc.write.1.tlog
