  stdafx.cpp
     Automatically linking with Prof-UIS library: ProfUIS292sm.lib
        (Professional User Interface Suite)
C:\Projects\SCICompanionX\Prof-UIS.2.92\Include\ExtRichContent.h(198): warning C4091: 'typedef ': ignored on left of 'CExtUxTheme::__EXT_UX_THEMESIZE' when no variable is declared
C:\Projects\SCICompanionX\Prof-UIS.2.92\Include\ExtRichContent.h(221): warning C4091: 'typedef ': ignored on left of 'CExtUxTheme::__EXT_UX_PROPERTYORIGIN' when no variable is declared
C:\Projects\SCICompanionX\Prof-UIS.2.92\Include\ExtRichContent.h(1362): warning C4091: 'typedef ': ignored on left of 'CExtDWM::__EXT_DWMWINDOWATTRIBUTE' when no variable is declared
C:\Projects\SCICompanionX\Prof-UIS.2.92\Include\ExtRichContent.h(1370): warning C4091: 'typedef ': ignored on left of 'CExtDWM::__EXT_DWMNCRENDERINGPOLICY' when no variable is declared
  Text.cpp
  WordEnumString.cpp
  VGADither.cpp
  Version.cpp
  util.cpp
  TokenDatabase.cpp
  Task.cpp
  TalkerToViewMap.cpp
  Stream.cpp
  DrawHelper.cpp
  CrystalScriptStream.cpp
  Codec.cpp
  CodeAutoComplete.cpp
  ClassBrowserInfo.cpp
  ClassBrowser.cpp
  AppState.cpp
  Vocab99x.cpp
  Vocab000.cpp
  ResourceRecency.cpp
  ResourceMap.cpp
  Generating Code...
  Compiling...
  ResourceEntity.cpp
  ResourceBlob.cpp
  ResourceContainer.cpp
  ResourceUtil.cpp
  RasterOperations.cpp
  PicDrawManager.cpp
  PicCommands.cpp
  FontOperations.cpp
  Cursor.cpp
  Components.cpp
  VocabView.cpp
  TextView.cpp
  SoundView.cpp
  ScriptView.cpp
  RoomExplorerView.cpp
Src\MFCViews\RoomExplorerView.cpp(1070): warning C4302: 'type cast': truncation from 'LPSTR' to 'WORD'
  GameExplorerView.cpp
  RasterView.cpp
Src\MFCViews\RasterView.cpp(1756): warning C4302: 'type cast': truncation from 'LPSTR' to 'WORD'
Src\MFCViews\RasterView.cpp(1762): warning C4302: 'type cast': truncation from 'LPSTR' to 'WORD'
  RasterResourceListView.cpp
  PicView.cpp
Src\MFCViews\PicView.cpp(3959): warning C4302: 'type cast': truncation from 'LPSTR' to 'WORD'
Src\MFCViews\PicView.cpp(3978): warning C4302: 'type cast': truncation from 'LPSTR' to 'WORD'
  FontPreviewView.cpp
Src\MFCViews\FontPreviewView.cpp(231): warning C4302: 'type cast': truncation from 'LPSTR' to 'WORD'
  Generating Code...
  Compiling...
  VocabChildFrame.cpp
  ViewChildFrame.cpp
  TextChildFrame.cpp
  SoundChildFrame.cpp
  ScriptFrame.cpp
  RoomExplorerFrame.cpp
  GameExplorerFrame.cpp
  PicChildFrame.cpp
  MDITabChildWnd.cpp
  MainFrm.cpp
  FontChildFrame.cpp
  CursorChildFrame.cpp
  VocabDoc.cpp
  TextDoc.cpp
  SoundDoc.cpp
  ScriptDocument.cpp
  RoomExplorerDoc.cpp
  ResourceListDoc.cpp
  ResourceDocument.cpp
  PicDoc.cpp
  Generating Code...
  Compiling...
  NonViewHostDocument.cpp
  NewRasterResourceDocument.cpp
  VPCDialogBar.cpp
  ViewCelChooser.cpp
  SoundToolboxSidePane.cpp
  SliderDialogBar.cpp
  ScriptComboBox.cpp
  ResourcePreviewer.cpp
  ResourcePicListView.cpp
  ResourceListView.cpp
  RasterSidePane.cpp
  QuickScripts.cpp
  PicCommandSidePane.cpp
  NoFlickerStatic.cpp
  MDITabsDialogBar.cpp
Src\FrameComponents\MDITabsDialogBar.cpp(487): warning C4838: conversion from 'int' to 'COLOR16' requires a narrowing conversion
Src\FrameComponents\MDITabsDialogBar.cpp(502): warning C4838: conversion from 'int' to 'COLOR16' requires a narrowing conversion
  IntellisenseListBox.cpp
  ExtDialogFwdCmd.cpp
  ExtControlBarNoX.cpp
  ColoredToolTip.cpp
  ColorButton.cpp
  Generating Code...
  Compiling...
  CodeToolTips.cpp
  ChooseColorStatic.cpp
  VocabAutoCompleteDialog.cpp
  VisualScriptDialog.cpp
  SCIProps.cpp
  SCIPropertyInfo.cpp
  SCIPropertyCtrl.cpp
  SCIFontDialog.cpp
  SaveResourceDialog.cpp
  SamplesDialogBar.cpp
  RemoveScriptDialog.cpp
  PreferencesDialog.cpp
  PaletteDefinitionDialog.cpp
  NewScriptDialog.cpp
  NewRoomDialog.cpp
  NewGameDialog.cpp
  NewCompileDialog.cpp
  InsertObject.cpp
  GotoDialog.cpp
  GamePropertiesDialog.cpp
  Generating Code...
  Compiling...
  FindWordDialog.cpp
  FindAllDialog.cpp
  DontShowAgainDialog.cpp
  ClassBrowserDialog.cpp
  ChoosePriConDialog.cpp
  ChoosePenStyleDialog.cpp
  ChooseColorDialog.cpp
  ChooseColorAdvancedDialog.cpp
  BitmapToPicDialog.cpp
  BaseColorDialog.cpp
  BarContainerDialog.cpp
  AnimateDialog.cpp
  CFindTextDlg.cpp
  CEditReplaceDlg.cpp
  CCrystalTextView2.cpp
Src\CrystalEdit\CCrystalTextView2.cpp(587): warning C4302: 'type cast': truncation from 'LPSTR' to 'WORD'
  CCrystalTextView.cpp
Src\CrystalEdit\CCrystalTextView.cpp(1880): warning C4302: 'type cast': truncation from 'LPSTR' to 'WORD'
Src\CrystalEdit\CCrystalTextView.cpp(1883): warning C4302: 'type cast': truncation from 'LPSTR' to 'WORD'
  CCrystalTextBuffer.cpp
  CCrystalEditView.cpp
  crc.cpp
  format.cc
  Generating Code...
  Compiling...
  Types.cpp
  SyntaxParser.cpp
  ScriptOMTraverse.cpp
  ScriptOM.cpp
  SourceCodeFormatter.cpp
  SCO.cpp
  StudioSyntaxParser.cpp
  scii.cpp
  PMachine.cpp
  ParserCommon.cpp
  DecompilerCore.cpp
  CompiledScript.cpp
Src\Compile\CompiledScript.cpp(564): warning C4838: conversion from 'int' to 'uint16_t' requires a narrowing conversion
  CompileContext.cpp
  Compile.cpp
  SoundUtil.cpp
  ScriptConvert.cpp
  RunLogic.cpp
  RGBOctree.cpp
  PostBuildThread.cpp
  PhonemeMap.cpp
  Generating Code...
  Compiling...
  PerfTimer.cpp
  MidiPlayer.cpp
  LipSyncutil.cpp
C:\Projects\SCICompanionX\SCICompanionLib\Src\LipSync\phone_estimate.h(146): warning C4091: 'typedef ': ignored on left of 'engine_phoneme_spec::phoneme_type' when no variable is declared
  ImageUtil.cpp
Src\Util\ImageUtil.cpp(968): warning C4838: conversion from 'int' to 'WORD' requires a narrowing conversion
  ExtractAll.cpp
  DependencyTracker.cpp
  DebuggerThread.cpp
  CustomMessageBox.cpp
  ColorQuantization.cpp
  CodecSTAC.cpp
  CodecDecompressor.cpp
  CodecDCL.cpp
  CodecDCL-freesci.cpp
  PicOperations.cpp
  SCICompanionLib.cpp
  Sound.cpp
  CodecAlt.cpp
  ClipboardUtil.cpp
  AudioRecording.cpp
  AudioProcessing.cpp
  Generating Code...
  Compiling...
  AudioPlayback.cpp
  View.cpp
  VersionDetectionHelper.cpp
  Sync.cpp
  SoundOperations.cpp
  PaletteOperations.cpp
  GameVersionDialog.cpp
  Message.cpp
  ResourceSources.cpp
  ResourceMapOperations.cpp
  Pic.cpp
  GameFolderHelper.cpp
  AudioMap.cpp
  Font.cpp
  Audio.cpp
  PaletteView.cpp
  MessageView.cpp
  PaletteChildFrame.cpp
  MessageChildFrame.cpp
  PaletteDoc.cpp
  Generating Code...
  Compiling...
  MessageDoc.cpp
  gif_hash.cpp
  gif_err.cpp
  gifalloc.cpp
  dgif_lib.cpp
  ZoomCelStatic.cpp
  ViewCelListBox.cpp
Src\FrameComponents\ViewCelListBox.cpp(650): warning C4302: 'type cast': truncation from 'LPSTR' to 'WORD'
  Polygon.cpp
  PatchResourceSource.cpp
  NounsAndCases.cpp
  AudioResourceSource.cpp
  AudioNegative.cpp
  AudioCacheResourceSource.cpp
  r8bbase.cpp
  DocumentWithPaletteChoices.cpp
  sapi_util.cpp
  sapi_lipsync.cpp
c:\projects\scicompanionx\scicompanionlib\src\lipsync\phone_estimate.h(146): warning C4091: 'typedef ': ignored on left of 'engine_phoneme_spec::phoneme_type' when no variable is declared
  phone_estimate.cpp
c:\projects\scicompanionx\scicompanionlib\src\lipsync\phone_estimate.h(146): warning C4091: 'typedef ': ignored on left of 'engine_phoneme_spec::phoneme_type' when no variable is declared
  egif_lib.cpp
  ViewUIElement.cpp
  Generating Code...
  Compiling...
  SoundUIUtil.cpp
  PicHelperPane.cpp
  PhonemeEditor.cpp
  NewOutputPane.cpp
  MessageSource.cpp
  MessageSidePane.cpp
  MessageNounConditionPane.cpp
  MessageHeaderFile.cpp
  MessageEditPane.cpp
  MessageEditorListCtrl.cpp
  LevelMeter.cpp
  ExtTabControl.cpp
Src\FrameComponents\ExtTabControl.cpp(71): warning C4838: conversion from 'int' to 'COLOR16' requires a narrowing conversion
Src\FrameComponents\ExtTabControl.cpp(94): warning C4838: conversion from 'int' to 'COLOR16' requires a narrowing conversion
  AudioWaveformUI.cpp
Src\FrameComponents\AudioWaveformUI.cpp(169): warning C4838: conversion from 'long' to 'uint32_t' requires a narrowing conversion
  AudioProcessingSettingsUI.cpp
  OutputRST.cpp
  DocScript.cpp
  ToolTipDialog.cpp
  RotateArbitraryDialog.cpp
  PrepareBitmapBase.cpp
  PicDimensionsDialog.cpp
  Generating Code...
  Compiling...
  PicClipsDialog.cpp
  PhonemeDialog.cpp
  PaletteEditorDialog.cpp
  OnionSkinSettingsDialog.cpp
  GradientDialog.cpp
  GenerateDocsDialog.cpp
  ExtractLipSyncDialog.cpp
  ExtractAllDialog.cpp
  EditCelDataDialog.cpp
  DecompileDialog.cpp
  ConvertFromToPaletteDialog.cpp
  ColorShifterDialog.cpp
  ColorAdjustDialog.cpp
  ChooseTalkerViewLoopDialog.cpp
  ChooseColorDialogVGA.cpp
  BitmapToVGADialog.cpp
  AudioPreferencesDialog.cpp
  AudioEditDialog.cpp
  ValidateSaid.cpp
  TarjanAlgorithm.cpp
  Generating Code...
  Compiling...
  SummarizeScript.cpp
  ScriptMakerHelper.cpp
  SCISyntaxParser.cpp
  StudioSourceCodeFormatter.cpp
  SCISourceCodeFormatter.cpp
  ParseAutoCompleteContext.cpp
  OutputScriptStrings.cpp
  OutputCodeHelper.cpp
  OperatorTables.cpp
  DecompilerConfig.cpp
  GenerateScriptResource.cpp
  Evaluate.cpp
  ControlFlowGraph.cpp
  Disassembler.cpp
  DisassembleHelper.cpp
  DecompileScript.cpp
  DecompilerSpecialCases.cpp
  DecompilerNew.cpp
  DecompilerFallback.cpp
  ControlFlowGraphViz.cpp
  Generating Code...
  Compiling...
  ControlFlowNode.cpp
  AutoDetectVariableNames.cpp
  Generating Code...
Task.obj : warning LNK4221: This object file does not define any previously undefined public symbols, so it will not be used by any link operation that consumes this library
VisualScriptDialog.obj : warning LNK4221: This object file does not define any previously undefined public symbols, so it will not be used by any link operation that consumes this library
AudioNegative.obj : warning LNK4221: This object file does not define any previously undefined public symbols, so it will not be used by any link operation that consumes this library
  Appending Release\Text.obj
  Appending Release\stdafx.obj
  Appending Release\WordEnumString.obj
  Appending Release\VGADither.obj
  Appending Release\Version.obj
  Appending Release\util.obj
  Appending Release\TokenDatabase.obj
  Appending Release\Task.obj
  Appending Release\TalkerToViewMap.obj
  Appending Release\Stream.obj
  Appending Release\DrawHelper.obj
  Appending Release\CrystalScriptStream.obj
  Appending Release\Codec.obj
  Appending Release\CodeAutoComplete.obj
  Appending Release\ClassBrowserInfo.obj
  Appending Release\ClassBrowser.obj
  Appending Release\AppState.obj
  Appending Release\Vocab99x.obj
  Appending Release\Vocab000.obj
  Appending Release\ResourceRecency.obj
  Appending Release\ResourceMap.obj
  Appending Release\ResourceEntity.obj
  Appending Release\ResourceBlob.obj
  Appending Release\ResourceContainer.obj
  Appending Release\ResourceUtil.obj
  Appending Release\RasterOperations.obj
  Appending Release\PicDrawManager.obj
  Appending Release\PicCommands.obj
  Appending Release\FontOperations.obj
  Appending Release\Cursor.obj
  Appending Release\Components.obj
  Appending Release\VocabView.obj
  Appending Release\TextView.obj
  Appending Release\SoundView.obj
  Appending Release\ScriptView.obj
  Appending Release\RoomExplorerView.obj
  Appending Release\GameExplorerView.obj
  Appending Release\RasterView.obj
  Appending Release\RasterResourceListView.obj
  Appending Release\PicView.obj
  Appending Release\FontPreviewView.obj
  Appending Release\VocabChildFrame.obj
  Appending Release\ViewChildFrame.obj
  Appending Release\TextChildFrame.obj
  Appending Release\SoundChildFrame.obj
  Appending Release\ScriptFrame.obj
  Appending Release\RoomExplorerFrame.obj
  Appending Release\GameExplorerFrame.obj
  Appending Release\PicChildFrame.obj
  Appending Release\MDITabChildWnd.obj
  Appending Release\MainFrm.obj
  Appending Release\FontChildFrame.obj
  Appending Release\CursorChildFrame.obj
  Appending Release\VocabDoc.obj
  Appending Release\TextDoc.obj
  Appending Release\SoundDoc.obj
  Appending Release\ScriptDocument.obj
  Appending Release\RoomExplorerDoc.obj
  Appending Release\ResourceListDoc.obj
  Appending Release\ResourceDocument.obj
  Appending Release\PicDoc.obj
  Appending Release\NonViewHostDocument.obj
  Appending Release\NewRasterResourceDocument.obj
  Appending Release\VPCDialogBar.obj
  Appending Release\ViewCelChooser.obj
  Appending Release\SoundToolboxSidePane.obj
  Appending Release\SliderDialogBar.obj
  Appending Release\ScriptComboBox.obj
  Appending Release\ResourcePreviewer.obj
  Appending Release\ResourcePicListView.obj
  Appending Release\ResourceListView.obj
  Appending Release\RasterSidePane.obj
  Appending Release\QuickScripts.obj
  Appending Release\PicCommandSidePane.obj
  Appending Release\NoFlickerStatic.obj
  Appending Release\MDITabsDialogBar.obj
  Appending Release\IntellisenseListBox.obj
  Appending Release\ExtDialogFwdCmd.obj
  Appending Release\ExtControlBarNoX.obj
  Appending Release\ColoredToolTip.obj
  Appending Release\ColorButton.obj
  Appending Release\CodeToolTips.obj
  Appending Release\ChooseColorStatic.obj
  Appending Release\VocabAutoCompleteDialog.obj
  Appending Release\VisualScriptDialog.obj
  Appending Release\SCIProps.obj
  Appending Release\SCIPropertyInfo.obj
  Appending Release\SCIPropertyCtrl.obj
  Appending Release\SCIFontDialog.obj
  Appending Release\SaveResourceDialog.obj
  Appending Release\SamplesDialogBar.obj
  Appending Release\RemoveScriptDialog.obj
  Appending Release\PreferencesDialog.obj
  Appending Release\PaletteDefinitionDialog.obj
  Appending Release\NewScriptDialog.obj
  Appending Release\NewRoomDialog.obj
  Appending Release\NewGameDialog.obj
  Appending Release\NewCompileDialog.obj
  Appending Release\InsertObject.obj
  Appending Release\GotoDialog.obj
  Appending Release\GamePropertiesDialog.obj
  Appending Release\FindWordDialog.obj
  Appending Release\FindAllDialog.obj
  Appending Release\DontShowAgainDialog.obj
  Appending Release\ClassBrowserDialog.obj
  Appending Release\ChoosePriConDialog.obj
  Appending Release\ChoosePenStyleDialog.obj
  Appending Release\ChooseColorDialog.obj
  Appending Release\ChooseColorAdvancedDialog.obj
  Appending Release\BitmapToPicDialog.obj
  Appending Release\BaseColorDialog.obj
  Appending Release\BarContainerDialog.obj
  Appending Release\AnimateDialog.obj
  Appending Release\CFindTextDlg.obj
  Appending Release\CEditReplaceDlg.obj
  Appending Release\CCrystalTextView2.obj
  Appending Release\CCrystalTextView.obj
  Appending Release\CCrystalTextBuffer.obj
  Appending Release\CCrystalEditView.obj
  Appending Release\crc.obj
  Appending Release\format.obj
  Appending Release\Types.obj
  Appending Release\SyntaxParser.obj
  Appending Release\ScriptOMTraverse.obj
  Appending Release\ScriptOM.obj
  Appending Release\SourceCodeFormatter.obj
  Appending Release\SCO.obj
  Appending Release\StudioSyntaxParser.obj
  Appending Release\scii.obj
  Appending Release\PMachine.obj
  Appending Release\ParserCommon.obj
  Appending Release\DecompilerCore.obj
  Appending Release\CompiledScript.obj
  Appending Release\CompileContext.obj
  Appending Release\Compile.obj
  Appending Release\SoundUtil.obj
  Appending Release\ScriptConvert.obj
  Appending Release\RunLogic.obj
  Appending Release\RGBOctree.obj
  Appending Release\PostBuildThread.obj
  Appending Release\PhonemeMap.obj
  Appending Release\PerfTimer.obj
  Appending Release\MidiPlayer.obj
  Appending Release\LipSyncutil.obj
  Appending Release\ImageUtil.obj
  Appending Release\ExtractAll.obj
  Appending Release\DependencyTracker.obj
  Appending Release\DebuggerThread.obj
  Appending Release\CustomMessageBox.obj
  Appending Release\ColorQuantization.obj
  Appending Release\CodecSTAC.obj
  Appending Release\CodecDecompressor.obj
  Appending Release\CodecDCL.obj
  Appending Release\CodecDCL-freesci.obj
  Appending Release\PicOperations.obj
  Appending Release\SCICompanionLib.obj
  Appending Release\Sound.obj
  Appending Release\CodecAlt.obj
  Appending Release\ClipboardUtil.obj
  Appending Release\AudioRecording.obj
  Appending Release\AudioProcessing.obj
  Appending Release\AudioPlayback.obj
  Appending Release\View.obj
  Appending Release\VersionDetectionHelper.obj
  Appending Release\Sync.obj
  Appending Release\SoundOperations.obj
  Appending Release\PaletteOperations.obj
  Appending Release\GameVersionDialog.obj
  Appending Release\Message.obj
  Appending Release\ResourceSources.obj
  Appending Release\ResourceMapOperations.obj
  Appending Release\Pic.obj
  Appending Release\GameFolderHelper.obj
  Appending Release\AudioMap.obj
  Appending Release\Font.obj
  Appending Release\Audio.obj
  Appending Release\PaletteView.obj
  Appending Release\MessageView.obj
  Appending Release\PaletteChildFrame.obj
  Appending Release\MessageChildFrame.obj
  Appending Release\PaletteDoc.obj
  Appending Release\MessageDoc.obj
  Appending Release\gif_hash.obj
  Appending Release\gif_err.obj
  Appending Release\gifalloc.obj
  Appending Release\dgif_lib.obj
  Appending Release\ZoomCelStatic.obj
  Appending Release\ViewCelListBox.obj
  Appending Release\Polygon.obj
  Appending Release\PatchResourceSource.obj
  Appending Release\NounsAndCases.obj
  Appending Release\AudioResourceSource.obj
  Appending Release\AudioNegative.obj
  Appending Release\AudioCacheResourceSource.obj
  Appending Release\r8bbase.obj
  Appending Release\DocumentWithPaletteChoices.obj
  Appending Release\sapi_util.obj
  Appending Release\sapi_lipsync.obj
  Appending Release\phone_estimate.obj
  Appending Release\egif_lib.obj
  Appending Release\ViewUIElement.obj
  Appending Release\SoundUIUtil.obj
  Appending Release\PicHelperPane.obj
  Appending Release\PhonemeEditor.obj
  Appending Release\NewOutputPane.obj
  Appending Release\MessageSource.obj
  Appending Release\MessageSidePane.obj
  Appending Release\MessageNounConditionPane.obj
  Appending Release\MessageHeaderFile.obj
  Appending Release\MessageEditPane.obj
  Appending Release\MessageEditorListCtrl.obj
  Appending Release\LevelMeter.obj
  Appending Release\ExtTabControl.obj
  Appending Release\AudioWaveformUI.obj
  Appending Release\AudioProcessingSettingsUI.obj
  Appending Release\OutputRST.obj
  Appending Release\DocScript.obj
  Appending Release\ToolTipDialog.obj
  Appending Release\RotateArbitraryDialog.obj
  Appending Release\PrepareBitmapBase.obj
  Appending Release\PicDimensionsDialog.obj
  Appending Release\PicClipsDialog.obj
  Appending Release\PhonemeDialog.obj
  Appending Release\PaletteEditorDialog.obj
  Appending Release\OnionSkinSettingsDialog.obj
  Appending Release\GradientDialog.obj
  Appending Release\GenerateDocsDialog.obj
  Appending Release\ExtractLipSyncDialog.obj
  Appending Release\ExtractAllDialog.obj
  Appending Release\EditCelDataDialog.obj
  Appending Release\DecompileDialog.obj
  Appending Release\ConvertFromToPaletteDialog.obj
  Appending Release\ColorShifterDialog.obj
  Appending Release\ColorAdjustDialog.obj
  Appending Release\ChooseTalkerViewLoopDialog.obj
  Appending Release\ChooseColorDialogVGA.obj
  Appending Release\BitmapToVGADialog.obj
  Appending Release\AudioPreferencesDialog.obj
  Appending Release\AudioEditDialog.obj
  Appending Release\ValidateSaid.obj
  Appending Release\TarjanAlgorithm.obj
  Appending Release\SummarizeScript.obj
  Appending Release\ScriptMakerHelper.obj
  Appending Release\SCISyntaxParser.obj
  Appending Release\StudioSourceCodeFormatter.obj
  Appending Release\SCISourceCodeFormatter.obj
  Appending Release\ParseAutoCompleteContext.obj
  Appending Release\OutputScriptStrings.obj
  Appending Release\OutputCodeHelper.obj
  Appending Release\OperatorTables.obj
  Appending Release\DecompilerConfig.obj
  Appending Release\GenerateScriptResource.obj
  Appending Release\Evaluate.obj
  Appending Release\ControlFlowGraph.obj
  Appending Release\Disassembler.obj
  Appending Release\DisassembleHelper.obj
  Appending Release\DecompileScript.obj
  Appending Release\DecompilerSpecialCases.obj
  Appending Release\DecompilerNew.obj
  Appending Release\DecompilerFallback.obj
  Appending Release\ControlFlowGraphViz.obj
  Appending Release\ControlFlowNode.obj
  Appending Release\AutoDetectVariableNames.obj
  SCICompanionLib.vcxproj -> C:\Projects\SCICompanionX\Release\SCICompanionLib.lib
